2023-11-21 23:04:36,185 - mmseg - INFO - Multi-processing start method is `None`
2023-11-21 23:04:36,296 - mmseg - INFO - OpenCV num_threads is `6
2023-11-21 23:04:36,712 - mmseg - INFO - Environment info:
------------------------------------------------------------
sys.platform: linux
Python: 3.8.18 (default, Sep 11 2023, 13:40:15) [GCC 11.2.0]
CUDA available: True
GPU 0: NVIDIA GeForce RTX 3090
CUDA_HOME: /environment/miniconda3
NVCC: Cuda compilation tools, release 11.8, V11.8.89
GCC: gcc (Ubuntu 9.3.0-17ubuntu1~20.04) 9.3.0
PyTorch: 1.11.0+cu113
PyTorch compiling details: PyTorch built with:
  - GCC 7.3
  - C++ Version: 201402
  - Intel(R) Math Kernel Library Version 2020.0.0 Product Build 20191122 for Intel(R) 64 architecture applications
  - Intel(R) MKL-DNN v2.5.2 (Git Hash a9302535553c73243c632ad3c4c80beec3d19a1e)
  - OpenMP 201511 (a.k.a. OpenMP 4.5)
  - LAPACK is enabled (usually provided by MKL)
  - NNPACK is enabled
  - CPU capability usage: AVX2
  - CUDA Runtime 11.3
  - NVCC architecture flags: -gencode;arch=compute_37,code=sm_37;-gencode;arch=compute_50,code=sm_50;-gencode;arch=compute_60,code=sm_60;-gencode;arch=compute_70,code=sm_70;-gencode;arch=compute_75,code=sm_75;-gencode;arch=compute_80,code=sm_80;-gencode;arch=compute_86,code=sm_86
  - CuDNN 8.2
  - Magma 2.5.2
  - Build settings: BLAS_INFO=mkl, BUILD_TYPE=Release, CUDA_VERSION=11.3, CUDNN_VERSION=8.2.0, CXX_COMPILER=/opt/rh/devtoolset-7/root/usr/bin/c++, CXX_FLAGS= -Wno-deprecated -fvisibility-inlines-hidden -DUSE_PTHREADPOOL -fopenmp -DNDEBUG -DUSE_KINETO -DUSE_FBGEMM -DUSE_QNNPACK -DUSE_PYTORCH_QNNPACK -DUSE_XNNPACK -DSYMBOLICATE_MOBILE_DEBUG_HANDLE -DEDGE_PROFILER_USE_KINETO -O2 -fPIC -Wno-narrowing -Wall -Wextra -Werror=return-type -Wno-missing-field-initializers -Wno-type-limits -Wno-array-bounds -Wno-unknown-pragmas -Wno-sign-compare -Wno-unused-parameter -Wno-unused-function -Wno-unused-result -Wno-unused-local-typedefs -Wno-strict-overflow -Wno-strict-aliasing -Wno-error=deprecated-declarations -Wno-stringop-overflow -Wno-psabi -Wno-error=pedantic -Wno-error=redundant-decls -Wno-error=old-style-cast -fdiagnostics-color=always -faligned-new -Wno-unused-but-set-variable -Wno-maybe-uninitialized -fno-math-errno -fno-trapping-math -Werror=format -Wno-stringop-overflow, LAPACK_INFO=mkl, PERF_WITH_AVX=1, PERF_WITH_AVX2=1, PERF_WITH_AVX512=1, TORCH_VERSION=1.11.0, USE_CUDA=ON, USE_CUDNN=ON, USE_EXCEPTION_PTR=1, USE_GFLAGS=OFF, USE_GLOG=OFF, USE_MKL=ON, USE_MKLDNN=OFF, USE_MPI=OFF, USE_NCCL=ON, USE_NNPACK=ON, USE_OPENMP=ON, USE_ROCM=OFF, 

TorchVision: 0.12.0+cu113
OpenCV: 4.8.1
MMCV: 1.7.0
MMCV Compiler: GCC 9.3
MMCV CUDA Compiler: 11.3
MMSegmentation: 0.29.1+
------------------------------------------------------------

2023-11-21 23:04:36,712 - mmseg - INFO - Distributed training: False
2023-11-21 23:04:37,112 - mmseg - INFO - Config:
norm_cfg = dict(type='BN', requires_grad=True)
backbone_norm_cfg = dict(type='LN', requires_grad=True)
model = dict(
    type='EncoderDecoder',
    pretrained=None,
    backbone=dict(
        type='UnetBackbone',
        in_channels=3,
        context_layer='seLayer',
        channel_list=[64, 128, 256, 512]),
    decode_head=dict(
        type='UnetHead',
        num_classes=4,
        channels=64,
        resPath=True,
        attention=True,
        threshold=0.2,
        norm_cfg=dict(type='BN', requires_grad=True),
        loss_decode=[
            dict(
                type='FocalLoss',
                use_sigmoid=True,
                gamma=2.0,
                alpha=0.25,
                class_weight=[0.1, 0.4, 0.3, 0.2],
                loss_weight=2.0),
            dict(
                type='DiceLoss',
                loss_name='loss_dice',
                class_weight=[0.1, 0.4, 0.3, 0.2],
                loss_weight=2.0)
        ]))
train_cfg = dict()
test_cfg = dict(mode='whole')
dataset_type = 'MyDataset'
crop_size = (512, 512)
train_pipeline = [
    dict(type='LoadImageFromFile'),
    dict(type='LoadAnnotations'),
    dict(type='Resize', img_scale=(600, 600)),
    dict(type='RandomCrop', crop_size=(512, 512), cat_max_ratio=0.75),
    dict(type='RandomFlip', flip_ratio=0.5),
    dict(type='PhotoMetricDistortion'),
    dict(type='Normalize', mean=[0, 0, 0], std=[1, 1, 1], to_rgb=True),
    dict(type='Pad', size=(512, 512), pad_val=0, seg_pad_val=255),
    dict(type='DefaultFormatBundle'),
    dict(type='Collect', keys=['img', 'gt_semantic_seg'])
]
test_pipeline = [
    dict(type='LoadImageFromFile'),
    dict(
        type='MultiScaleFlipAug',
        img_scale=(512, 512),
        flip=False,
        transforms=[
            dict(type='Resize', keep_ratio=False),
            dict(type='Normalize', mean=[0, 0, 0], std=[1, 1, 1], to_rgb=True),
            dict(type='ImageToTensor', keys=['img']),
            dict(type='Collect', keys=['img'])
        ])
]
data_root = './datasets/'
data = dict(
    samples_per_gpu=10,
    workers_per_gpu=2,
    train=dict(
        type='MyDataset',
        data_root='./datasets/',
        img_dir='train/images',
        ann_dir='train/labels',
        pipeline=[
            dict(type='LoadImageFromFile'),
            dict(type='LoadAnnotations'),
            dict(type='Resize', img_scale=(600, 600)),
            dict(type='RandomCrop', crop_size=(512, 512), cat_max_ratio=0.75),
            dict(type='RandomFlip', flip_ratio=0.5),
            dict(type='PhotoMetricDistortion'),
            dict(type='Normalize', mean=[0, 0, 0], std=[1, 1, 1], to_rgb=True),
            dict(type='Pad', size=(512, 512), pad_val=0, seg_pad_val=255),
            dict(type='DefaultFormatBundle'),
            dict(type='Collect', keys=['img', 'gt_semantic_seg'])
        ]),
    val=dict(
        type='MyDataset',
        data_root='./datasets/',
        img_dir='test/images',
        ann_dir='test/labels',
        pipeline=[
            dict(type='LoadImageFromFile'),
            dict(
                type='MultiScaleFlipAug',
                img_scale=(512, 512),
                flip=False,
                transforms=[
                    dict(type='Resize', keep_ratio=False),
                    dict(
                        type='Normalize',
                        mean=[0, 0, 0],
                        std=[1, 1, 1],
                        to_rgb=True),
                    dict(type='ImageToTensor', keys=['img']),
                    dict(type='Collect', keys=['img'])
                ])
        ]),
    test=dict(
        type='MyDataset',
        data_root='./datasets/',
        img_dir='test/images',
        ann_dir='test/labels',
        pipeline=[
            dict(type='LoadImageFromFile'),
            dict(
                type='MultiScaleFlipAug',
                img_scale=(512, 512),
                flip=False,
                transforms=[
                    dict(type='Resize', keep_ratio=False),
                    dict(
                        type='Normalize',
                        mean=[0, 0, 0],
                        std=[1, 1, 1],
                        to_rgb=True),
                    dict(type='ImageToTensor', keys=['img']),
                    dict(type='Collect', keys=['img'])
                ])
        ]))
log_config = dict(
    interval=50,
    hooks=[
        dict(type='TensorboardLoggerHook'),
        dict(type='TextLoggerHook', by_epoch=False)
    ])
dist_params = dict(backend='nccl')
log_level = 'INFO'
load_from = None
resume_from = None
workflow = [('train', 1)]
cudnn_benchmark = False
optimizer = dict(type='Adam', lr=0.0001, betas=(0.9, 0.999))
optimizer_config = dict()
lr_config = dict(policy='poly', power=0.9, min_lr=1e-05, by_epoch=False)
runner = dict(type='IterBasedRunner', max_iters=10000)
checkpoint_config = dict(by_epoch=False, save_optimizer=False, interval=5000)
evaluation = dict(interval=500, metric=['mIoU', 'mFscore', 'mDice'])
work_dir = './work_dirs/unet_all'
gpu_ids = [0]
auto_resume = False

2023-11-21 23:04:37,112 - mmseg - INFO - Set random seed to 1079198284, deterministic: False
2023-11-21 23:04:37,460 - mmseg - INFO - initialize UnetHead with init_cfg {'type': 'Normal', 'std': 0.01, 'override': {'name': 'conv_seg'}}
Name of parameter - Initialization information

backbone.inc.conv.conv.0.weight - torch.Size([64, 3, 3, 3]): 
The value is the same before and after calling `init_weights` of EncoderDecoder  

backbone.inc.conv.conv.0.bias - torch.Size([64]): 
The value is the same before and after calling `init_weights` of EncoderDecoder  

backbone.inc.conv.conv.1.weight - torch.Size([64]): 
The value is the same before and after calling `init_weights` of EncoderDecoder  

backbone.inc.conv.conv.1.bias - torch.Size([64]): 
The value is the same before and after calling `init_weights` of EncoderDecoder  

backbone.inc.conv.conv.3.weight - torch.Size([64, 64, 3, 3]): 
The value is the same before and after calling `init_weights` of EncoderDecoder  

backbone.inc.conv.conv.3.bias - torch.Size([64]): 
The value is the same before and after calling `init_weights` of EncoderDecoder  

backbone.inc.conv.conv.4.weight - torch.Size([64]): 
The value is the same before and after calling `init_weights` of EncoderDecoder  

backbone.inc.conv.conv.4.bias - torch.Size([64]): 
The value is the same before and after calling `init_weights` of EncoderDecoder  

backbone.down1.down_conv.1.conv.0.weight - torch.Size([128, 64, 3, 3]): 
The value is the same before and after calling `init_weights` of EncoderDecoder  

backbone.down1.down_conv.1.conv.0.bias - torch.Size([128]): 
The value is the same before and after calling `init_weights` of EncoderDecoder  

backbone.down1.down_conv.1.conv.1.weight - torch.Size([128]): 
The value is the same before and after calling `init_weights` of EncoderDecoder  

backbone.down1.down_conv.1.conv.1.bias - torch.Size([128]): 
The value is the same before and after calling `init_weights` of EncoderDecoder  

backbone.down1.down_conv.1.conv.3.weight - torch.Size([128, 128, 3, 3]): 
The value is the same before and after calling `init_weights` of EncoderDecoder  

backbone.down1.down_conv.1.conv.3.bias - torch.Size([128]): 
The value is the same before and after calling `init_weights` of EncoderDecoder  

backbone.down1.down_conv.1.conv.4.weight - torch.Size([128]): 
The value is the same before and after calling `init_weights` of EncoderDecoder  

backbone.down1.down_conv.1.conv.4.bias - torch.Size([128]): 
The value is the same before and after calling `init_weights` of EncoderDecoder  

backbone.down2.down_conv.1.conv.0.weight - torch.Size([256, 128, 3, 3]): 
The value is the same before and after calling `init_weights` of EncoderDecoder  

backbone.down2.down_conv.1.conv.0.bias - torch.Size([256]): 
The value is the same before and after calling `init_weights` of EncoderDecoder  

backbone.down2.down_conv.1.conv.1.weight - torch.Size([256]): 
The value is the same before and after calling `init_weights` of EncoderDecoder  

backbone.down2.down_conv.1.conv.1.bias - torch.Size([256]): 
The value is the same before and after calling `init_weights` of EncoderDecoder  

backbone.down2.down_conv.1.conv.3.weight - torch.Size([256, 256, 3, 3]): 
The value is the same before and after calling `init_weights` of EncoderDecoder  

backbone.down2.down_conv.1.conv.3.bias - torch.Size([256]): 
The value is the same before and after calling `init_weights` of EncoderDecoder  

backbone.down2.down_conv.1.conv.4.weight - torch.Size([256]): 
The value is the same before and after calling `init_weights` of EncoderDecoder  

backbone.down2.down_conv.1.conv.4.bias - torch.Size([256]): 
The value is the same before and after calling `init_weights` of EncoderDecoder  

backbone.down3.down_conv.1.conv.0.weight - torch.Size([512, 256, 3, 3]): 
The value is the same before and after calling `init_weights` of EncoderDecoder  

backbone.down3.down_conv.1.conv.0.bias - torch.Size([512]): 
The value is the same before and after calling `init_weights` of EncoderDecoder  

backbone.down3.down_conv.1.conv.1.weight - torch.Size([512]): 
The value is the same before and after calling `init_weights` of EncoderDecoder  

backbone.down3.down_conv.1.conv.1.bias - torch.Size([512]): 
The value is the same before and after calling `init_weights` of EncoderDecoder  

backbone.down3.down_conv.1.conv.3.weight - torch.Size([512, 512, 3, 3]): 
The value is the same before and after calling `init_weights` of EncoderDecoder  

backbone.down3.down_conv.1.conv.3.bias - torch.Size([512]): 
The value is the same before and after calling `init_weights` of EncoderDecoder  

backbone.down3.down_conv.1.conv.4.weight - torch.Size([512]): 
The value is the same before and after calling `init_weights` of EncoderDecoder  

backbone.down3.down_conv.1.conv.4.bias - torch.Size([512]): 
The value is the same before and after calling `init_weights` of EncoderDecoder  

backbone.down4.down_conv.1.conv.0.weight - torch.Size([512, 512, 3, 3]): 
The value is the same before and after calling `init_weights` of EncoderDecoder  

backbone.down4.down_conv.1.conv.0.bias - torch.Size([512]): 
The value is the same before and after calling `init_weights` of EncoderDecoder  

backbone.down4.down_conv.1.conv.1.weight - torch.Size([512]): 
The value is the same before and after calling `init_weights` of EncoderDecoder  

backbone.down4.down_conv.1.conv.1.bias - torch.Size([512]): 
The value is the same before and after calling `init_weights` of EncoderDecoder  

backbone.down4.down_conv.1.conv.3.weight - torch.Size([512, 512, 3, 3]): 
The value is the same before and after calling `init_weights` of EncoderDecoder  

backbone.down4.down_conv.1.conv.3.bias - torch.Size([512]): 
The value is the same before and after calling `init_weights` of EncoderDecoder  

backbone.down4.down_conv.1.conv.4.weight - torch.Size([512]): 
The value is the same before and after calling `init_weights` of EncoderDecoder  

backbone.down4.down_conv.1.conv.4.bias - torch.Size([512]): 
The value is the same before and after calling `init_weights` of EncoderDecoder  

backbone.context_layer1_1.fc.0.weight - torch.Size([16, 64]): 
The value is the same before and after calling `init_weights` of EncoderDecoder  

backbone.context_layer1_1.fc.0.bias - torch.Size([16]): 
The value is the same before and after calling `init_weights` of EncoderDecoder  

backbone.context_layer1_1.fc.2.weight - torch.Size([64, 16]): 
The value is the same before and after calling `init_weights` of EncoderDecoder  

backbone.context_layer1_1.fc.2.bias - torch.Size([64]): 
The value is the same before and after calling `init_weights` of EncoderDecoder  

backbone.context_layer2_1.fc.0.weight - torch.Size([32, 128]): 
The value is the same before and after calling `init_weights` of EncoderDecoder  

backbone.context_layer2_1.fc.0.bias - torch.Size([32]): 
The value is the same before and after calling `init_weights` of EncoderDecoder  

backbone.context_layer2_1.fc.2.weight - torch.Size([128, 32]): 
The value is the same before and after calling `init_weights` of EncoderDecoder  

backbone.context_layer2_1.fc.2.bias - torch.Size([128]): 
The value is the same before and after calling `init_weights` of EncoderDecoder  

backbone.context_layer3_1.fc.0.weight - torch.Size([64, 256]): 
The value is the same before and after calling `init_weights` of EncoderDecoder  

backbone.context_layer3_1.fc.0.bias - torch.Size([64]): 
The value is the same before and after calling `init_weights` of EncoderDecoder  

backbone.context_layer3_1.fc.2.weight - torch.Size([256, 64]): 
The value is the same before and after calling `init_weights` of EncoderDecoder  

backbone.context_layer3_1.fc.2.bias - torch.Size([256]): 
The value is the same before and after calling `init_weights` of EncoderDecoder  

backbone.context_layer4_1.fc.0.weight - torch.Size([128, 512]): 
The value is the same before and after calling `init_weights` of EncoderDecoder  

backbone.context_layer4_1.fc.0.bias - torch.Size([128]): 
The value is the same before and after calling `init_weights` of EncoderDecoder  

backbone.context_layer4_1.fc.2.weight - torch.Size([512, 128]): 
The value is the same before and after calling `init_weights` of EncoderDecoder  

backbone.context_layer4_1.fc.2.bias - torch.Size([512]): 
The value is the same before and after calling `init_weights` of EncoderDecoder  

decode_head.conv_seg.weight - torch.Size([4, 64, 1, 1]): 
NormalInit: mean=0, std=0.01, bias=0 

decode_head.conv_seg.bias - torch.Size([4]): 
NormalInit: mean=0, std=0.01, bias=0 

decode_head.up1.ca.conv1.weight - torch.Size([256, 1024, 1, 1]): 
The value is the same before and after calling `init_weights` of EncoderDecoder  

decode_head.up1.ca.conv1.bias - torch.Size([256]): 
The value is the same before and after calling `init_weights` of EncoderDecoder  

decode_head.up1.ca.bn1.weight - torch.Size([256]): 
The value is the same before and after calling `init_weights` of EncoderDecoder  

decode_head.up1.ca.bn1.bias - torch.Size([256]): 
The value is the same before and after calling `init_weights` of EncoderDecoder  

decode_head.up1.ca.conv_h.weight - torch.Size([1024, 256, 1, 1]): 
The value is the same before and after calling `init_weights` of EncoderDecoder  

decode_head.up1.ca.conv_h.bias - torch.Size([1024]): 
The value is the same before and after calling `init_weights` of EncoderDecoder  

decode_head.up1.ca.conv_w.weight - torch.Size([1024, 256, 1, 1]): 
The value is the same before and after calling `init_weights` of EncoderDecoder  

decode_head.up1.ca.conv_w.bias - torch.Size([1024]): 
The value is the same before and after calling `init_weights` of EncoderDecoder  

decode_head.up1.conv.conv.0.weight - torch.Size([256, 1024, 3, 3]): 
The value is the same before and after calling `init_weights` of EncoderDecoder  

decode_head.up1.conv.conv.0.bias - torch.Size([256]): 
The value is the same before and after calling `init_weights` of EncoderDecoder  

decode_head.up1.conv.conv.1.weight - torch.Size([256]): 
The value is the same before and after calling `init_weights` of EncoderDecoder  

decode_head.up1.conv.conv.1.bias - torch.Size([256]): 
The value is the same before and after calling `init_weights` of EncoderDecoder  

decode_head.up1.conv.conv.3.weight - torch.Size([256, 256, 3, 3]): 
The value is the same before and after calling `init_weights` of EncoderDecoder  

decode_head.up1.conv.conv.3.bias - torch.Size([256]): 
The value is the same before and after calling `init_weights` of EncoderDecoder  

decode_head.up1.conv.conv.4.weight - torch.Size([256]): 
The value is the same before and after calling `init_weights` of EncoderDecoder  

decode_head.up1.conv.conv.4.bias - torch.Size([256]): 
The value is the same before and after calling `init_weights` of EncoderDecoder  

decode_head.up2.ca.conv1.weight - torch.Size([128, 512, 1, 1]): 
The value is the same before and after calling `init_weights` of EncoderDecoder  

decode_head.up2.ca.conv1.bias - torch.Size([128]): 
The value is the same before and after calling `init_weights` of EncoderDecoder  

decode_head.up2.ca.bn1.weight - torch.Size([128]): 
The value is the same before and after calling `init_weights` of EncoderDecoder  

decode_head.up2.ca.bn1.bias - torch.Size([128]): 
The value is the same before and after calling `init_weights` of EncoderDecoder  

decode_head.up2.ca.conv_h.weight - torch.Size([512, 128, 1, 1]): 
The value is the same before and after calling `init_weights` of EncoderDecoder  

decode_head.up2.ca.conv_h.bias - torch.Size([512]): 
The value is the same before and after calling `init_weights` of EncoderDecoder  

decode_head.up2.ca.conv_w.weight - torch.Size([512, 128, 1, 1]): 
The value is the same before and after calling `init_weights` of EncoderDecoder  

decode_head.up2.ca.conv_w.bias - torch.Size([512]): 
The value is the same before and after calling `init_weights` of EncoderDecoder  

decode_head.up2.conv.conv.0.weight - torch.Size([128, 512, 3, 3]): 
The value is the same before and after calling `init_weights` of EncoderDecoder  

decode_head.up2.conv.conv.0.bias - torch.Size([128]): 
The value is the same before and after calling `init_weights` of EncoderDecoder  

decode_head.up2.conv.conv.1.weight - torch.Size([128]): 
The value is the same before and after calling `init_weights` of EncoderDecoder  

decode_head.up2.conv.conv.1.bias - torch.Size([128]): 
The value is the same before and after calling `init_weights` of EncoderDecoder  

decode_head.up2.conv.conv.3.weight - torch.Size([128, 128, 3, 3]): 
The value is the same before and after calling `init_weights` of EncoderDecoder  

decode_head.up2.conv.conv.3.bias - torch.Size([128]): 
The value is the same before and after calling `init_weights` of EncoderDecoder  

decode_head.up2.conv.conv.4.weight - torch.Size([128]): 
The value is the same before and after calling `init_weights` of EncoderDecoder  

decode_head.up2.conv.conv.4.bias - torch.Size([128]): 
The value is the same before and after calling `init_weights` of EncoderDecoder  

decode_head.up3.ca.conv1.weight - torch.Size([64, 256, 1, 1]): 
The value is the same before and after calling `init_weights` of EncoderDecoder  

decode_head.up3.ca.conv1.bias - torch.Size([64]): 
The value is the same before and after calling `init_weights` of EncoderDecoder  

decode_head.up3.ca.bn1.weight - torch.Size([64]): 
The value is the same before and after calling `init_weights` of EncoderDecoder  

decode_head.up3.ca.bn1.bias - torch.Size([64]): 
The value is the same before and after calling `init_weights` of EncoderDecoder  

decode_head.up3.ca.conv_h.weight - torch.Size([256, 64, 1, 1]): 
The value is the same before and after calling `init_weights` of EncoderDecoder  

decode_head.up3.ca.conv_h.bias - torch.Size([256]): 
The value is the same before and after calling `init_weights` of EncoderDecoder  

decode_head.up3.ca.conv_w.weight - torch.Size([256, 64, 1, 1]): 
The value is the same before and after calling `init_weights` of EncoderDecoder  

decode_head.up3.ca.conv_w.bias - torch.Size([256]): 
The value is the same before and after calling `init_weights` of EncoderDecoder  

decode_head.up3.conv.conv.0.weight - torch.Size([64, 256, 3, 3]): 
The value is the same before and after calling `init_weights` of EncoderDecoder  

decode_head.up3.conv.conv.0.bias - torch.Size([64]): 
The value is the same before and after calling `init_weights` of EncoderDecoder  

decode_head.up3.conv.conv.1.weight - torch.Size([64]): 
The value is the same before and after calling `init_weights` of EncoderDecoder  

decode_head.up3.conv.conv.1.bias - torch.Size([64]): 
The value is the same before and after calling `init_weights` of EncoderDecoder  

decode_head.up3.conv.conv.3.weight - torch.Size([64, 64, 3, 3]): 
The value is the same before and after calling `init_weights` of EncoderDecoder  

decode_head.up3.conv.conv.3.bias - torch.Size([64]): 
The value is the same before and after calling `init_weights` of EncoderDecoder  

decode_head.up3.conv.conv.4.weight - torch.Size([64]): 
The value is the same before and after calling `init_weights` of EncoderDecoder  

decode_head.up3.conv.conv.4.bias - torch.Size([64]): 
The value is the same before and after calling `init_weights` of EncoderDecoder  

decode_head.up4.ca.conv1.weight - torch.Size([32, 128, 1, 1]): 
The value is the same before and after calling `init_weights` of EncoderDecoder  

decode_head.up4.ca.conv1.bias - torch.Size([32]): 
The value is the same before and after calling `init_weights` of EncoderDecoder  

decode_head.up4.ca.bn1.weight - torch.Size([32]): 
The value is the same before and after calling `init_weights` of EncoderDecoder  

decode_head.up4.ca.bn1.bias - torch.Size([32]): 
The value is the same before and after calling `init_weights` of EncoderDecoder  

decode_head.up4.ca.conv_h.weight - torch.Size([128, 32, 1, 1]): 
The value is the same before and after calling `init_weights` of EncoderDecoder  

decode_head.up4.ca.conv_h.bias - torch.Size([128]): 
The value is the same before and after calling `init_weights` of EncoderDecoder  

decode_head.up4.ca.conv_w.weight - torch.Size([128, 32, 1, 1]): 
The value is the same before and after calling `init_weights` of EncoderDecoder  

decode_head.up4.ca.conv_w.bias - torch.Size([128]): 
The value is the same before and after calling `init_weights` of EncoderDecoder  

decode_head.up4.conv.conv.0.weight - torch.Size([64, 128, 3, 3]): 
The value is the same before and after calling `init_weights` of EncoderDecoder  

decode_head.up4.conv.conv.0.bias - torch.Size([64]): 
The value is the same before and after calling `init_weights` of EncoderDecoder  

decode_head.up4.conv.conv.1.weight - torch.Size([64]): 
The value is the same before and after calling `init_weights` of EncoderDecoder  

decode_head.up4.conv.conv.1.bias - torch.Size([64]): 
The value is the same before and after calling `init_weights` of EncoderDecoder  

decode_head.up4.conv.conv.3.weight - torch.Size([64, 64, 3, 3]): 
The value is the same before and after calling `init_weights` of EncoderDecoder  

decode_head.up4.conv.conv.3.bias - torch.Size([64]): 
The value is the same before and after calling `init_weights` of EncoderDecoder  

decode_head.up4.conv.conv.4.weight - torch.Size([64]): 
The value is the same before and after calling `init_weights` of EncoderDecoder  

decode_head.up4.conv.conv.4.bias - torch.Size([64]): 
The value is the same before and after calling `init_weights` of EncoderDecoder  
2023-11-21 23:04:37,591 - mmseg - INFO - EncoderDecoder(
  (backbone): UnetBackbone(
    (inc): InConv(
      (conv): DoubleConv(
        (conv): Sequential(
          (0): Conv2d(3, 64, kernel_size=(3, 3), stride=(1, 1), padding=(1, 1))
          (1): BatchNorm2d(64, eps=1e-05, momentum=0.1, affine=True, track_running_stats=True)
          (2): ReLU(inplace=True)
          (3): Conv2d(64, 64, kernel_size=(3, 3), stride=(1, 1), padding=(1, 1))
          (4): BatchNorm2d(64, eps=1e-05, momentum=0.1, affine=True, track_running_stats=True)
          (5): ReLU(inplace=True)
        )
      )
    )
    (down1): Down(
      (down_conv): Sequential(
        (0): MaxPool2d(kernel_size=2, stride=2, padding=0, dilation=1, ceil_mode=False)
        (1): DoubleConv(
          (conv): Sequential(
            (0): Conv2d(64, 128, kernel_size=(3, 3), stride=(1, 1), padding=(1, 1))
            (1): BatchNorm2d(128, eps=1e-05, momentum=0.1, affine=True, track_running_stats=True)
            (2): ReLU(inplace=True)
            (3): Conv2d(128, 128, kernel_size=(3, 3), stride=(1, 1), padding=(1, 1))
            (4): BatchNorm2d(128, eps=1e-05, momentum=0.1, affine=True, track_running_stats=True)
            (5): ReLU(inplace=True)
          )
        )
      )
    )
    (down2): Down(
      (down_conv): Sequential(
        (0): MaxPool2d(kernel_size=2, stride=2, padding=0, dilation=1, ceil_mode=False)
        (1): DoubleConv(
          (conv): Sequential(
            (0): Conv2d(128, 256, kernel_size=(3, 3), stride=(1, 1), padding=(1, 1))
            (1): BatchNorm2d(256, eps=1e-05, momentum=0.1, affine=True, track_running_stats=True)
            (2): ReLU(inplace=True)
            (3): Conv2d(256, 256, kernel_size=(3, 3), stride=(1, 1), padding=(1, 1))
            (4): BatchNorm2d(256, eps=1e-05, momentum=0.1, affine=True, track_running_stats=True)
            (5): ReLU(inplace=True)
          )
        )
      )
    )
    (down3): Down(
      (down_conv): Sequential(
        (0): MaxPool2d(kernel_size=2, stride=2, padding=0, dilation=1, ceil_mode=False)
        (1): DoubleConv(
          (conv): Sequential(
            (0): Conv2d(256, 512, kernel_size=(3, 3), stride=(1, 1), padding=(1, 1))
            (1): BatchNorm2d(512, eps=1e-05, momentum=0.1, affine=True, track_running_stats=True)
            (2): ReLU(inplace=True)
            (3): Conv2d(512, 512, kernel_size=(3, 3), stride=(1, 1), padding=(1, 1))
            (4): BatchNorm2d(512, eps=1e-05, momentum=0.1, affine=True, track_running_stats=True)
            (5): ReLU(inplace=True)
          )
        )
      )
    )
    (down4): Down(
      (down_conv): Sequential(
        (0): MaxPool2d(kernel_size=2, stride=2, padding=0, dilation=1, ceil_mode=False)
        (1): DoubleConv(
          (conv): Sequential(
            (0): Conv2d(512, 512, kernel_size=(3, 3), stride=(1, 1), padding=(1, 1))
            (1): BatchNorm2d(512, eps=1e-05, momentum=0.1, affine=True, track_running_stats=True)
            (2): ReLU(inplace=True)
            (3): Conv2d(512, 512, kernel_size=(3, 3), stride=(1, 1), padding=(1, 1))
            (4): BatchNorm2d(512, eps=1e-05, momentum=0.1, affine=True, track_running_stats=True)
            (5): ReLU(inplace=True)
          )
        )
      )
    )
    (context_layer1_1): SELayer(
      (avg_pool): AdaptiveAvgPool2d(output_size=1)
      (fc): Sequential(
        (0): Linear(in_features=64, out_features=16, bias=True)
        (1): ReLU(inplace=True)
        (2): Linear(in_features=16, out_features=64, bias=True)
        (3): Hswish(
          (relu): ReLU6(inplace=True)
        )
      )
    )
    (context_layer2_1): SELayer(
      (avg_pool): AdaptiveAvgPool2d(output_size=1)
      (fc): Sequential(
        (0): Linear(in_features=128, out_features=32, bias=True)
        (1): ReLU(inplace=True)
        (2): Linear(in_features=32, out_features=128, bias=True)
        (3): Hswish(
          (relu): ReLU6(inplace=True)
        )
      )
    )
    (context_layer3_1): SELayer(
      (avg_pool): AdaptiveAvgPool2d(output_size=1)
      (fc): Sequential(
        (0): Linear(in_features=256, out_features=64, bias=True)
        (1): ReLU(inplace=True)
        (2): Linear(in_features=64, out_features=256, bias=True)
        (3): Hswish(
          (relu): ReLU6(inplace=True)
        )
      )
    )
    (context_layer4_1): SELayer(
      (avg_pool): AdaptiveAvgPool2d(output_size=1)
      (fc): Sequential(
        (0): Linear(in_features=512, out_features=128, bias=True)
        (1): ReLU(inplace=True)
        (2): Linear(in_features=128, out_features=512, bias=True)
        (3): Hswish(
          (relu): ReLU6(inplace=True)
        )
      )
    )
  )
  (decode_head): UnetHead(
    input_transform=None, ignore_index=255, align_corners=False
    (loss_decode): ModuleList(
      (0): FocalLoss()
      (1): DiceLoss()
    )
    (conv_seg): Conv2d(64, 4, kernel_size=(1, 1), stride=(1, 1))
    (dropout): Dropout2d(p=0.1, inplace=False)
    (up1): Up(
      (up): Upsample(scale_factor=2.0, mode=bilinear)
      (ca): CoordAtt(
        (pool_h): AdaptiveAvgPool2d(output_size=(None, 1))
        (pool_w): AdaptiveAvgPool2d(output_size=(1, None))
        (conv1): Conv2d(1024, 256, kernel_size=(1, 1), stride=(1, 1))
        (bn1): BatchNorm2d(256, eps=1e-05, momentum=0.1, affine=True, track_running_stats=True)
        (act): h_swish(
          (sigmoid): h_sigmoid(
            (relu): ReLU6(inplace=True)
          )
        )
        (conv_h): Conv2d(256, 1024, kernel_size=(1, 1), stride=(1, 1))
        (conv_w): Conv2d(256, 1024, kernel_size=(1, 1), stride=(1, 1))
      )
      (conv): DoubleConv(
        (conv): Sequential(
          (0): Conv2d(1024, 256, kernel_size=(3, 3), stride=(1, 1), padding=(1, 1))
          (1): BatchNorm2d(256, eps=1e-05, momentum=0.1, affine=True, track_running_stats=True)
          (2): ReLU(inplace=True)
          (3): Conv2d(256, 256, kernel_size=(3, 3), stride=(1, 1), padding=(1, 1))
          (4): BatchNorm2d(256, eps=1e-05, momentum=0.1, affine=True, track_running_stats=True)
          (5): ReLU(inplace=True)
        )
      )
    )
    (up2): Up(
      (up): Upsample(scale_factor=2.0, mode=bilinear)
      (ca): CoordAtt(
        (pool_h): AdaptiveAvgPool2d(output_size=(None, 1))
        (pool_w): AdaptiveAvgPool2d(output_size=(1, None))
        (conv1): Conv2d(512, 128, kernel_size=(1, 1), stride=(1, 1))
        (bn1): BatchNorm2d(128, eps=1e-05, momentum=0.1, affine=True, track_running_stats=True)
        (act): h_swish(
          (sigmoid): h_sigmoid(
            (relu): ReLU6(inplace=True)
          )
        )
        (conv_h): Conv2d(128, 512, kernel_size=(1, 1), stride=(1, 1))
        (conv_w): Conv2d(128, 512, kernel_size=(1, 1), stride=(1, 1))
      )
      (conv): DoubleConv(
        (conv): Sequential(
          (0): Conv2d(512, 128, kernel_size=(3, 3), stride=(1, 1), padding=(1, 1))
          (1): BatchNorm2d(128, eps=1e-05, momentum=0.1, affine=True, track_running_stats=True)
          (2): ReLU(inplace=True)
          (3): Conv2d(128, 128, kernel_size=(3, 3), stride=(1, 1), padding=(1, 1))
          (4): BatchNorm2d(128, eps=1e-05, momentum=0.1, affine=True, track_running_stats=True)
          (5): ReLU(inplace=True)
        )
      )
    )
    (up3): Up(
      (up): Upsample(scale_factor=2.0, mode=bilinear)
      (ca): CoordAtt(
        (pool_h): AdaptiveAvgPool2d(output_size=(None, 1))
        (pool_w): AdaptiveAvgPool2d(output_size=(1, None))
        (conv1): Conv2d(256, 64, kernel_size=(1, 1), stride=(1, 1))
        (bn1): BatchNorm2d(64, eps=1e-05, momentum=0.1, affine=True, track_running_stats=True)
        (act): h_swish(
          (sigmoid): h_sigmoid(
            (relu): ReLU6(inplace=True)
          )
        )
        (conv_h): Conv2d(64, 256, kernel_size=(1, 1), stride=(1, 1))
        (conv_w): Conv2d(64, 256, kernel_size=(1, 1), stride=(1, 1))
      )
      (conv): DoubleConv(
        (conv): Sequential(
          (0): Conv2d(256, 64, kernel_size=(3, 3), stride=(1, 1), padding=(1, 1))
          (1): BatchNorm2d(64, eps=1e-05, momentum=0.1, affine=True, track_running_stats=True)
          (2): ReLU(inplace=True)
          (3): Conv2d(64, 64, kernel_size=(3, 3), stride=(1, 1), padding=(1, 1))
          (4): BatchNorm2d(64, eps=1e-05, momentum=0.1, affine=True, track_running_stats=True)
          (5): ReLU(inplace=True)
        )
      )
    )
    (up4): Up(
      (up): Upsample(scale_factor=2.0, mode=bilinear)
      (ca): CoordAtt(
        (pool_h): AdaptiveAvgPool2d(output_size=(None, 1))
        (pool_w): AdaptiveAvgPool2d(output_size=(1, None))
        (conv1): Conv2d(128, 32, kernel_size=(1, 1), stride=(1, 1))
        (bn1): BatchNorm2d(32, eps=1e-05, momentum=0.1, affine=True, track_running_stats=True)
        (act): h_swish(
          (sigmoid): h_sigmoid(
            (relu): ReLU6(inplace=True)
          )
        )
        (conv_h): Conv2d(32, 128, kernel_size=(1, 1), stride=(1, 1))
        (conv_w): Conv2d(32, 128, kernel_size=(1, 1), stride=(1, 1))
      )
      (conv): DoubleConv(
        (conv): Sequential(
          (0): Conv2d(128, 64, kernel_size=(3, 3), stride=(1, 1), padding=(1, 1))
          (1): BatchNorm2d(64, eps=1e-05, momentum=0.1, affine=True, track_running_stats=True)
          (2): ReLU(inplace=True)
          (3): Conv2d(64, 64, kernel_size=(3, 3), stride=(1, 1), padding=(1, 1))
          (4): BatchNorm2d(64, eps=1e-05, momentum=0.1, affine=True, track_running_stats=True)
          (5): ReLU(inplace=True)
        )
      )
    )
  )
  init_cfg={'type': 'Normal', 'std': 0.01, 'override': {'name': 'conv_seg'}}
)
2023-11-21 23:04:37,605 - mmseg - INFO - Loaded 430 images
2023-11-21 23:06:34,535 - mmseg - INFO - Loaded 105 images
2023-11-21 23:06:34,535 - mmseg - INFO - Start running, host: featurize@featurize, work_dir: /home/featurize/work/test/work_dirs/unet_all
2023-11-21 23:06:34,536 - mmseg - INFO - Hooks will be executed in the following order:
before_run:
(VERY_HIGH   ) PolyLrUpdaterHook                  
(NORMAL      ) CheckpointHook                     
(LOW         ) EvalHook                           
(VERY_LOW    ) TensorboardLoggerHook              
(VERY_LOW    ) TextLoggerHook                     
 -------------------- 
before_train_epoch:
(VERY_HIGH   ) PolyLrUpdaterHook                  
(LOW         ) IterTimerHook                      
(LOW         ) EvalHook                           
(VERY_LOW    ) TensorboardLoggerHook              
(VERY_LOW    ) TextLoggerHook                     
 -------------------- 
before_train_iter:
(VERY_HIGH   ) PolyLrUpdaterHook                  
(LOW         ) IterTimerHook                      
(LOW         ) EvalHook                           
 -------------------- 
after_train_iter:
(ABOVE_NORMAL) OptimizerHook                      
(NORMAL      ) CheckpointHook                     
(LOW         ) IterTimerHook                      
(LOW         ) EvalHook                           
(VERY_LOW    ) TensorboardLoggerHook              
(VERY_LOW    ) TextLoggerHook                     
 -------------------- 
after_train_epoch:
(NORMAL      ) CheckpointHook                     
(LOW         ) EvalHook                           
(VERY_LOW    ) TensorboardLoggerHook              
(VERY_LOW    ) TextLoggerHook                     
 -------------------- 
before_val_epoch:
(LOW         ) IterTimerHook                      
(VERY_LOW    ) TensorboardLoggerHook              
(VERY_LOW    ) TextLoggerHook                     
 -------------------- 
before_val_iter:
(LOW         ) IterTimerHook                      
 -------------------- 
after_val_iter:
(LOW         ) IterTimerHook                      
 -------------------- 
after_val_epoch:
(VERY_LOW    ) TensorboardLoggerHook              
(VERY_LOW    ) TextLoggerHook                     
 -------------------- 
after_run:
(VERY_LOW    ) TensorboardLoggerHook              
(VERY_LOW    ) TextLoggerHook                     
 -------------------- 
2023-11-21 23:06:34,536 - mmseg - INFO - workflow: [('train', 1)], max: 10000 iters
2023-11-21 23:06:34,536 - mmseg - INFO - Checkpoints will be saved to /home/featurize/work/test/work_dirs/unet_all by HardDiskBackend.
2023-11-21 23:07:32,627 - mmseg - INFO - Iter [50/10000]	lr: 9.960e-05, eta: 3:01:02, time: 1.092, data_time: 0.328, memory: 17708, decode.loss_focal: 0.0514, decode.loss_dice: 0.4685, decode.acc_seg: 92.6977, loss: 0.5198
2023-11-21 23:08:06,262 - mmseg - INFO - Iter [100/10000]	lr: 9.920e-05, eta: 2:25:33, time: 0.673, data_time: 0.073, memory: 17708, decode.loss_focal: 0.0398, decode.loss_dice: 0.4628, decode.acc_seg: 99.3774, loss: 0.5026
2023-11-21 23:08:39,959 - mmseg - INFO - Iter [150/10000]	lr: 9.879e-05, eta: 2:13:25, time: 0.674, data_time: 0.072, memory: 17708, decode.loss_focal: 0.0308, decode.loss_dice: 0.4568, decode.acc_seg: 99.3735, loss: 0.4876
2023-11-21 23:09:13,949 - mmseg - INFO - Iter [200/10000]	lr: 9.839e-05, eta: 2:07:19, time: 0.680, data_time: 0.084, memory: 17708, decode.loss_focal: 0.0238, decode.loss_dice: 0.4486, decode.acc_seg: 98.9668, loss: 0.4724
2023-11-21 23:09:47,725 - mmseg - INFO - Iter [250/10000]	lr: 9.798e-05, eta: 2:03:17, time: 0.675, data_time: 0.074, memory: 17708, decode.loss_focal: 0.0184, decode.loss_dice: 0.4375, decode.acc_seg: 98.8124, loss: 0.4558
2023-11-21 23:10:21,578 - mmseg - INFO - Iter [300/10000]	lr: 9.757e-05, eta: 2:00:27, time: 0.677, data_time: 0.073, memory: 17708, decode.loss_focal: 0.0140, decode.loss_dice: 0.4232, decode.acc_seg: 99.0433, loss: 0.4372
2023-11-21 23:10:58,422 - mmseg - INFO - Iter [350/10000]	lr: 9.717e-05, eta: 1:59:38, time: 0.737, data_time: 0.133, memory: 17708, decode.loss_focal: 0.0106, decode.loss_dice: 0.4068, decode.acc_seg: 99.2546, loss: 0.4174
2023-11-21 23:11:32,266 - mmseg - INFO - Iter [400/10000]	lr: 9.676e-05, eta: 1:57:41, time: 0.677, data_time: 0.073, memory: 17708, decode.loss_focal: 0.0084, decode.loss_dice: 0.3793, decode.acc_seg: 99.3721, loss: 0.3877
2023-11-21 23:12:06,199 - mmseg - INFO - Iter [450/10000]	lr: 9.635e-05, eta: 1:56:04, time: 0.679, data_time: 0.075, memory: 17708, decode.loss_focal: 0.0063, decode.loss_dice: 0.3479, decode.acc_seg: 99.5231, loss: 0.3542
2023-11-21 23:12:40,098 - mmseg - INFO - Iter [500/10000]	lr: 9.595e-05, eta: 1:54:38, time: 0.678, data_time: 0.073, memory: 17708, decode.loss_focal: 0.0047, decode.loss_dice: 0.3195, decode.acc_seg: 99.6092, loss: 0.3242
2023-11-21 23:13:05,233 - mmseg - INFO - per class results:
2023-11-21 23:13:05,235 - mmseg - INFO - 
+------------+-------+-------+-------+-------+-------+--------+-----------+--------+-------+
|   Class    |  IoU  |  VOE  |  ASD  |  MSSD |  Acc  | Fscore | Precision | Recall |  Dice |
+------------+-------+-------+-------+-------+-------+--------+-----------+--------+-------+
| background |  99.9 | 70.47 | 70.56 |  70.4 | 99.87 | 99.92  |   99.93   | 99.92  | 99.88 |
|  scratch   |  79.9 | 90.47 | 72.17 | 78.42 | 68.09 | 77.19  |   75.85   | 78.73  | 65.79 |
|   stain    | 84.68 | 85.69 | 72.01 | 77.62 |  93.3 |  84.5  |   78.24   | 95.54  | 76.75 |
| edgeDamage | 83.48 | 86.89 | 72.04 | 77.81 | 66.52 | 82.82  |   91.05   | 77.68  | 74.22 |
+------------+-------+-------+-------+-------+-------+--------+-----------+--------+-------+
2023-11-21 23:13:05,235 - mmseg - INFO - Summary:
2023-11-21 23:13:05,235 - mmseg - INFO - 
+------+-------+-------+------+-------+-------+---------+------------+---------+-------+
| aAcc |  mIoU |  mVOE | mASD | mMSSD |  mAcc | mFscore | mPrecision | mRecall | mDice |
+------+-------+-------+------+-------+-------+---------+------------+---------+-------+
| 99.9 | 86.99 | 83.38 | 71.7 | 76.06 | 81.95 |  86.11  |   86.27    |  87.97  | 79.16 |
+------+-------+-------+------+-------+-------+---------+------------+---------+-------+
2023-11-21 23:13:05,252 - mmseg - INFO - Iter(val) [105]	aAcc: 0.9990, mIoU: 0.8699, mVOE: 0.8338, mASD: 0.7170, mMSSD: 0.7606, mAcc: 0.8195, mFscore: 0.8611, mPrecision: 0.8627, mRecall: 0.8797, mDice: 0.7916, IoU.background: 0.9990, IoU.scratch: 0.7990, IoU.stain: 0.8468, IoU.edgeDamage: 0.8348, VOE.background: 0.7047, VOE.scratch: 0.9047, VOE.stain: 0.8569, VOE.edgeDamage: 0.8689, ASD.background: 0.7056, ASD.scratch: 0.7217, ASD.stain: 0.7201, ASD.edgeDamage: 0.7204, MSSD.background: 0.7040, MSSD.scratch: 0.7842, MSSD.stain: 0.7762, MSSD.edgeDamage: 0.7781, Acc.background: 0.9987, Acc.scratch: 0.6809, Acc.stain: 0.9330, Acc.edgeDamage: 0.6652, Fscore.background: 0.9992, Fscore.scratch: 0.7719, Fscore.stain: 0.8450, Fscore.edgeDamage: 0.8282, Precision.background: 0.9993, Precision.scratch: 0.7585, Precision.stain: 0.7824, Precision.edgeDamage: 0.9105, Recall.background: 0.9992, Recall.scratch: 0.7873, Recall.stain: 0.9554, Recall.edgeDamage: 0.7768, Dice.background: 0.9988, Dice.scratch: 0.6579, Dice.stain: 0.7675, Dice.edgeDamage: 0.7422
