2023-11-24 22:28:30,047 - mmseg - INFO - Multi-processing start method is `None`
2023-11-24 22:28:30,048 - mmseg - INFO - OpenCV num_threads is `6
2023-11-24 22:28:30,094 - mmseg - INFO - Environment info:
------------------------------------------------------------
sys.platform: linux
Python: 3.8.18 (default, Sep 11 2023, 13:40:15) [GCC 11.2.0]
CUDA available: True
GPU 0: NVIDIA GeForce RTX 3090
CUDA_HOME: /environment/miniconda3
NVCC: Cuda compilation tools, release 11.8, V11.8.89
GCC: gcc (Ubuntu 9.3.0-17ubuntu1~20.04) 9.3.0
PyTorch: 1.11.0+cu113
PyTorch compiling details: PyTorch built with:
  - GCC 7.3
  - C++ Version: 201402
  - Intel(R) Math Kernel Library Version 2020.0.0 Product Build 20191122 for Intel(R) 64 architecture applications
  - Intel(R) MKL-DNN v2.5.2 (Git Hash a9302535553c73243c632ad3c4c80beec3d19a1e)
  - OpenMP 201511 (a.k.a. OpenMP 4.5)
  - LAPACK is enabled (usually provided by MKL)
  - NNPACK is enabled
  - CPU capability usage: AVX2
  - CUDA Runtime 11.3
  - NVCC architecture flags: -gencode;arch=compute_37,code=sm_37;-gencode;arch=compute_50,code=sm_50;-gencode;arch=compute_60,code=sm_60;-gencode;arch=compute_70,code=sm_70;-gencode;arch=compute_75,code=sm_75;-gencode;arch=compute_80,code=sm_80;-gencode;arch=compute_86,code=sm_86
  - CuDNN 8.2
  - Magma 2.5.2
  - Build settings: BLAS_INFO=mkl, BUILD_TYPE=Release, CUDA_VERSION=11.3, CUDNN_VERSION=8.2.0, CXX_COMPILER=/opt/rh/devtoolset-7/root/usr/bin/c++, CXX_FLAGS= -Wno-deprecated -fvisibility-inlines-hidden -DUSE_PTHREADPOOL -fopenmp -DNDEBUG -DUSE_KINETO -DUSE_FBGEMM -DUSE_QNNPACK -DUSE_PYTORCH_QNNPACK -DUSE_XNNPACK -DSYMBOLICATE_MOBILE_DEBUG_HANDLE -DEDGE_PROFILER_USE_KINETO -O2 -fPIC -Wno-narrowing -Wall -Wextra -Werror=return-type -Wno-missing-field-initializers -Wno-type-limits -Wno-array-bounds -Wno-unknown-pragmas -Wno-sign-compare -Wno-unused-parameter -Wno-unused-function -Wno-unused-result -Wno-unused-local-typedefs -Wno-strict-overflow -Wno-strict-aliasing -Wno-error=deprecated-declarations -Wno-stringop-overflow -Wno-psabi -Wno-error=pedantic -Wno-error=redundant-decls -Wno-error=old-style-cast -fdiagnostics-color=always -faligned-new -Wno-unused-but-set-variable -Wno-maybe-uninitialized -fno-math-errno -fno-trapping-math -Werror=format -Wno-stringop-overflow, LAPACK_INFO=mkl, PERF_WITH_AVX=1, PERF_WITH_AVX2=1, PERF_WITH_AVX512=1, TORCH_VERSION=1.11.0, USE_CUDA=ON, USE_CUDNN=ON, USE_EXCEPTION_PTR=1, USE_GFLAGS=OFF, USE_GLOG=OFF, USE_MKL=ON, USE_MKLDNN=OFF, USE_MPI=OFF, USE_NCCL=ON, USE_NNPACK=ON, USE_OPENMP=ON, USE_ROCM=OFF, 

TorchVision: 0.12.0+cu113
OpenCV: 4.8.1
MMCV: 1.7.0
MMCV Compiler: GCC 9.3
MMCV CUDA Compiler: 11.3
MMSegmentation: 0.29.1+
------------------------------------------------------------

2023-11-24 22:28:30,094 - mmseg - INFO - Distributed training: False
2023-11-24 22:28:30,427 - mmseg - INFO - Config:
norm_cfg = dict(type='BN', requires_grad=True)
backbone_norm_cfg = dict(type='LN', requires_grad=True)
model = dict(
    type='EncoderDecoder',
    pretrained=None,
    backbone=dict(
        type='UnetBackbone',
        in_channels=3,
        context_layer='',
        conv_down=True,
        channel_list=[64, 128, 256, 512]),
    decode_head=dict(
        type='UnetHead',
        num_classes=4,
        channels=64,
        threshold=0.2,
        norm_cfg=dict(type='BN', requires_grad=True),
        loss_decode=[
            dict(
                type='FocalLoss',
                use_sigmoid=True,
                gamma=2.0,
                alpha=0.25,
                class_weight=[0.1, 0.5, 0.2, 0.2],
                loss_weight=2.0),
            dict(
                type='DiceLoss',
                loss_name='loss_dice',
                class_weight=[0.1, 0.5, 0.2, 0.2],
                loss_weight=2.0)
        ]))
train_cfg = dict()
test_cfg = dict(mode='whole')
dataset_type = 'MyDataset'
crop_size = (512, 512)
train_pipeline = [
    dict(type='LoadImageFromFile'),
    dict(type='LoadAnnotations'),
    dict(type='Resize', img_scale=(600, 600)),
    dict(type='RandomCrop', crop_size=(512, 512), cat_max_ratio=0.75),
    dict(type='RandomFlip', flip_ratio=0.5),
    dict(type='PhotoMetricDistortion'),
    dict(type='Normalize', mean=[0, 0, 0], std=[1, 1, 1], to_rgb=True),
    dict(type='Pad', size=(512, 512), pad_val=0, seg_pad_val=255),
    dict(type='DefaultFormatBundle'),
    dict(type='Collect', keys=['img', 'gt_semantic_seg'])
]
test_pipeline = [
    dict(type='LoadImageFromFile'),
    dict(
        type='MultiScaleFlipAug',
        img_scale=(512, 512),
        flip=False,
        transforms=[
            dict(type='Resize', keep_ratio=False),
            dict(type='Normalize', mean=[0, 0, 0], std=[1, 1, 1], to_rgb=True),
            dict(type='ImageToTensor', keys=['img']),
            dict(type='Collect', keys=['img'])
        ])
]
data_root = './datasets/'
data = dict(
    samples_per_gpu=5,
    workers_per_gpu=2,
    train=dict(
        type='MyDataset',
        data_root='./datasets/',
        img_dir='train/images',
        ann_dir='train/labels',
        pipeline=[
            dict(type='LoadImageFromFile'),
            dict(type='LoadAnnotations'),
            dict(type='Resize', img_scale=(600, 600)),
            dict(type='RandomCrop', crop_size=(512, 512), cat_max_ratio=0.75),
            dict(type='RandomFlip', flip_ratio=0.5),
            dict(type='PhotoMetricDistortion'),
            dict(type='Normalize', mean=[0, 0, 0], std=[1, 1, 1], to_rgb=True),
            dict(type='Pad', size=(512, 512), pad_val=0, seg_pad_val=255),
            dict(type='DefaultFormatBundle'),
            dict(type='Collect', keys=['img', 'gt_semantic_seg'])
        ]),
    val=dict(
        type='MyDataset',
        data_root='./datasets/',
        img_dir='test/images',
        ann_dir='test/labels',
        pipeline=[
            dict(type='LoadImageFromFile'),
            dict(
                type='MultiScaleFlipAug',
                img_scale=(512, 512),
                flip=False,
                transforms=[
                    dict(type='Resize', keep_ratio=False),
                    dict(
                        type='Normalize',
                        mean=[0, 0, 0],
                        std=[1, 1, 1],
                        to_rgb=True),
                    dict(type='ImageToTensor', keys=['img']),
                    dict(type='Collect', keys=['img'])
                ])
        ]),
    test=dict(
        type='MyDataset',
        data_root='./datasets/',
        img_dir='test/images',
        ann_dir='test/labels',
        pipeline=[
            dict(type='LoadImageFromFile'),
            dict(
                type='MultiScaleFlipAug',
                img_scale=(512, 512),
                flip=False,
                transforms=[
                    dict(type='Resize', keep_ratio=False),
                    dict(
                        type='Normalize',
                        mean=[0, 0, 0],
                        std=[1, 1, 1],
                        to_rgb=True),
                    dict(type='ImageToTensor', keys=['img']),
                    dict(type='Collect', keys=['img'])
                ])
        ]))
log_config = dict(
    interval=50,
    hooks=[
        dict(type='TensorboardLoggerHook'),
        dict(type='TextLoggerHook', by_epoch=False)
    ])
dist_params = dict(backend='nccl')
log_level = 'INFO'
load_from = None
resume_from = None
workflow = [('train', 1)]
cudnn_benchmark = False
optimizer = dict(type='Adam', lr=0.0001, betas=(0.9, 0.999))
optimizer_config = dict()
lr_config = dict(policy='poly', power=0.9, min_lr=1e-05, by_epoch=False)
runner = dict(type='IterBasedRunner', max_iters=10000)
checkpoint_config = dict(by_epoch=False, save_optimizer=False, interval=5000)
evaluation = dict(interval=500, metric=['mIoU', 'mFscore', 'mDice'])
work_dir = './work_dirs/unet_all'
gpu_ids = [0]
auto_resume = False

2023-11-24 22:28:30,427 - mmseg - INFO - Set random seed to 585182162, deterministic: False
2023-11-24 22:28:30,575 - mmseg - INFO - initialize UnetHead with init_cfg {'type': 'Normal', 'std': 0.01, 'override': {'name': 'conv_seg'}}
Name of parameter - Initialization information

backbone.inc.conv.conv1_1.0.weight - torch.Size([64, 3, 1, 3]): 
The value is the same before and after calling `init_weights` of EncoderDecoder  

backbone.inc.conv.conv1_1.0.bias - torch.Size([64]): 
The value is the same before and after calling `init_weights` of EncoderDecoder  

backbone.inc.conv.conv1_1.1.weight - torch.Size([64]): 
The value is the same before and after calling `init_weights` of EncoderDecoder  

backbone.inc.conv.conv1_1.1.bias - torch.Size([64]): 
The value is the same before and after calling `init_weights` of EncoderDecoder  

backbone.inc.conv.conv1_2.0.weight - torch.Size([64, 64, 3, 1]): 
The value is the same before and after calling `init_weights` of EncoderDecoder  

backbone.inc.conv.conv1_2.0.bias - torch.Size([64]): 
The value is the same before and after calling `init_weights` of EncoderDecoder  

backbone.inc.conv.conv1_2.1.weight - torch.Size([64]): 
The value is the same before and after calling `init_weights` of EncoderDecoder  

backbone.inc.conv.conv1_2.1.bias - torch.Size([64]): 
The value is the same before and after calling `init_weights` of EncoderDecoder  

backbone.inc.conv.conv2_1.0.weight - torch.Size([64, 3, 1, 3]): 
The value is the same before and after calling `init_weights` of EncoderDecoder  

backbone.inc.conv.conv2_1.0.bias - torch.Size([64]): 
The value is the same before and after calling `init_weights` of EncoderDecoder  

backbone.inc.conv.conv2_1.1.weight - torch.Size([64]): 
The value is the same before and after calling `init_weights` of EncoderDecoder  

backbone.inc.conv.conv2_1.1.bias - torch.Size([64]): 
The value is the same before and after calling `init_weights` of EncoderDecoder  

backbone.inc.conv.conv2_2.0.weight - torch.Size([64, 64, 3, 1]): 
The value is the same before and after calling `init_weights` of EncoderDecoder  

backbone.inc.conv.conv2_2.0.bias - torch.Size([64]): 
The value is the same before and after calling `init_weights` of EncoderDecoder  

backbone.inc.conv.conv2_2.1.weight - torch.Size([64]): 
The value is the same before and after calling `init_weights` of EncoderDecoder  

backbone.inc.conv.conv2_2.1.bias - torch.Size([64]): 
The value is the same before and after calling `init_weights` of EncoderDecoder  

backbone.inc.conv.conv3_1.0.weight - torch.Size([64, 3, 1, 3]): 
The value is the same before and after calling `init_weights` of EncoderDecoder  

backbone.inc.conv.conv3_1.0.bias - torch.Size([64]): 
The value is the same before and after calling `init_weights` of EncoderDecoder  

backbone.inc.conv.conv3_1.1.weight - torch.Size([64]): 
The value is the same before and after calling `init_weights` of EncoderDecoder  

backbone.inc.conv.conv3_1.1.bias - torch.Size([64]): 
The value is the same before and after calling `init_weights` of EncoderDecoder  

backbone.inc.conv.conv3_2.0.weight - torch.Size([64, 64, 3, 1]): 
The value is the same before and after calling `init_weights` of EncoderDecoder  

backbone.inc.conv.conv3_2.0.bias - torch.Size([64]): 
The value is the same before and after calling `init_weights` of EncoderDecoder  

backbone.inc.conv.conv3_2.1.weight - torch.Size([64]): 
The value is the same before and after calling `init_weights` of EncoderDecoder  

backbone.inc.conv.conv3_2.1.bias - torch.Size([64]): 
The value is the same before and after calling `init_weights` of EncoderDecoder  

backbone.down1.down_conv.0.weight - torch.Size([64, 64, 2, 2]): 
The value is the same before and after calling `init_weights` of EncoderDecoder  

backbone.down1.down_conv.0.bias - torch.Size([64]): 
The value is the same before and after calling `init_weights` of EncoderDecoder  

backbone.down1.down_conv.1.conv1_1.0.weight - torch.Size([128, 64, 1, 3]): 
The value is the same before and after calling `init_weights` of EncoderDecoder  

backbone.down1.down_conv.1.conv1_1.0.bias - torch.Size([128]): 
The value is the same before and after calling `init_weights` of EncoderDecoder  

backbone.down1.down_conv.1.conv1_1.1.weight - torch.Size([128]): 
The value is the same before and after calling `init_weights` of EncoderDecoder  

backbone.down1.down_conv.1.conv1_1.1.bias - torch.Size([128]): 
The value is the same before and after calling `init_weights` of EncoderDecoder  

backbone.down1.down_conv.1.conv1_2.0.weight - torch.Size([128, 128, 3, 1]): 
The value is the same before and after calling `init_weights` of EncoderDecoder  

backbone.down1.down_conv.1.conv1_2.0.bias - torch.Size([128]): 
The value is the same before and after calling `init_weights` of EncoderDecoder  

backbone.down1.down_conv.1.conv1_2.1.weight - torch.Size([128]): 
The value is the same before and after calling `init_weights` of EncoderDecoder  

backbone.down1.down_conv.1.conv1_2.1.bias - torch.Size([128]): 
The value is the same before and after calling `init_weights` of EncoderDecoder  

backbone.down1.down_conv.1.conv2_1.0.weight - torch.Size([128, 64, 1, 3]): 
The value is the same before and after calling `init_weights` of EncoderDecoder  

backbone.down1.down_conv.1.conv2_1.0.bias - torch.Size([128]): 
The value is the same before and after calling `init_weights` of EncoderDecoder  

backbone.down1.down_conv.1.conv2_1.1.weight - torch.Size([128]): 
The value is the same before and after calling `init_weights` of EncoderDecoder  

backbone.down1.down_conv.1.conv2_1.1.bias - torch.Size([128]): 
The value is the same before and after calling `init_weights` of EncoderDecoder  

backbone.down1.down_conv.1.conv2_2.0.weight - torch.Size([128, 128, 3, 1]): 
The value is the same before and after calling `init_weights` of EncoderDecoder  

backbone.down1.down_conv.1.conv2_2.0.bias - torch.Size([128]): 
The value is the same before and after calling `init_weights` of EncoderDecoder  

backbone.down1.down_conv.1.conv2_2.1.weight - torch.Size([128]): 
The value is the same before and after calling `init_weights` of EncoderDecoder  

backbone.down1.down_conv.1.conv2_2.1.bias - torch.Size([128]): 
The value is the same before and after calling `init_weights` of EncoderDecoder  

backbone.down1.down_conv.1.conv3_1.0.weight - torch.Size([128, 64, 1, 3]): 
The value is the same before and after calling `init_weights` of EncoderDecoder  

backbone.down1.down_conv.1.conv3_1.0.bias - torch.Size([128]): 
The value is the same before and after calling `init_weights` of EncoderDecoder  

backbone.down1.down_conv.1.conv3_1.1.weight - torch.Size([128]): 
The value is the same before and after calling `init_weights` of EncoderDecoder  

backbone.down1.down_conv.1.conv3_1.1.bias - torch.Size([128]): 
The value is the same before and after calling `init_weights` of EncoderDecoder  

backbone.down1.down_conv.1.conv3_2.0.weight - torch.Size([128, 128, 3, 1]): 
The value is the same before and after calling `init_weights` of EncoderDecoder  

backbone.down1.down_conv.1.conv3_2.0.bias - torch.Size([128]): 
The value is the same before and after calling `init_weights` of EncoderDecoder  

backbone.down1.down_conv.1.conv3_2.1.weight - torch.Size([128]): 
The value is the same before and after calling `init_weights` of EncoderDecoder  

backbone.down1.down_conv.1.conv3_2.1.bias - torch.Size([128]): 
The value is the same before and after calling `init_weights` of EncoderDecoder  

backbone.down2.down_conv.0.weight - torch.Size([128, 128, 2, 2]): 
The value is the same before and after calling `init_weights` of EncoderDecoder  

backbone.down2.down_conv.0.bias - torch.Size([128]): 
The value is the same before and after calling `init_weights` of EncoderDecoder  

backbone.down2.down_conv.1.conv1_1.0.weight - torch.Size([256, 128, 1, 3]): 
The value is the same before and after calling `init_weights` of EncoderDecoder  

backbone.down2.down_conv.1.conv1_1.0.bias - torch.Size([256]): 
The value is the same before and after calling `init_weights` of EncoderDecoder  

backbone.down2.down_conv.1.conv1_1.1.weight - torch.Size([256]): 
The value is the same before and after calling `init_weights` of EncoderDecoder  

backbone.down2.down_conv.1.conv1_1.1.bias - torch.Size([256]): 
The value is the same before and after calling `init_weights` of EncoderDecoder  

backbone.down2.down_conv.1.conv1_2.0.weight - torch.Size([256, 256, 3, 1]): 
The value is the same before and after calling `init_weights` of EncoderDecoder  

backbone.down2.down_conv.1.conv1_2.0.bias - torch.Size([256]): 
The value is the same before and after calling `init_weights` of EncoderDecoder  

backbone.down2.down_conv.1.conv1_2.1.weight - torch.Size([256]): 
The value is the same before and after calling `init_weights` of EncoderDecoder  

backbone.down2.down_conv.1.conv1_2.1.bias - torch.Size([256]): 
The value is the same before and after calling `init_weights` of EncoderDecoder  

backbone.down2.down_conv.1.conv2_1.0.weight - torch.Size([256, 128, 1, 3]): 
The value is the same before and after calling `init_weights` of EncoderDecoder  

backbone.down2.down_conv.1.conv2_1.0.bias - torch.Size([256]): 
The value is the same before and after calling `init_weights` of EncoderDecoder  

backbone.down2.down_conv.1.conv2_1.1.weight - torch.Size([256]): 
The value is the same before and after calling `init_weights` of EncoderDecoder  

backbone.down2.down_conv.1.conv2_1.1.bias - torch.Size([256]): 
The value is the same before and after calling `init_weights` of EncoderDecoder  

backbone.down2.down_conv.1.conv2_2.0.weight - torch.Size([256, 256, 3, 1]): 
The value is the same before and after calling `init_weights` of EncoderDecoder  

backbone.down2.down_conv.1.conv2_2.0.bias - torch.Size([256]): 
The value is the same before and after calling `init_weights` of EncoderDecoder  

backbone.down2.down_conv.1.conv2_2.1.weight - torch.Size([256]): 
The value is the same before and after calling `init_weights` of EncoderDecoder  

backbone.down2.down_conv.1.conv2_2.1.bias - torch.Size([256]): 
The value is the same before and after calling `init_weights` of EncoderDecoder  

backbone.down2.down_conv.1.conv3_1.0.weight - torch.Size([256, 128, 1, 3]): 
The value is the same before and after calling `init_weights` of EncoderDecoder  

backbone.down2.down_conv.1.conv3_1.0.bias - torch.Size([256]): 
The value is the same before and after calling `init_weights` of EncoderDecoder  

backbone.down2.down_conv.1.conv3_1.1.weight - torch.Size([256]): 
The value is the same before and after calling `init_weights` of EncoderDecoder  

backbone.down2.down_conv.1.conv3_1.1.bias - torch.Size([256]): 
The value is the same before and after calling `init_weights` of EncoderDecoder  

backbone.down2.down_conv.1.conv3_2.0.weight - torch.Size([256, 256, 3, 1]): 
The value is the same before and after calling `init_weights` of EncoderDecoder  

backbone.down2.down_conv.1.conv3_2.0.bias - torch.Size([256]): 
The value is the same before and after calling `init_weights` of EncoderDecoder  

backbone.down2.down_conv.1.conv3_2.1.weight - torch.Size([256]): 
The value is the same before and after calling `init_weights` of EncoderDecoder  

backbone.down2.down_conv.1.conv3_2.1.bias - torch.Size([256]): 
The value is the same before and after calling `init_weights` of EncoderDecoder  

backbone.down3.down_conv.0.weight - torch.Size([256, 256, 2, 2]): 
The value is the same before and after calling `init_weights` of EncoderDecoder  

backbone.down3.down_conv.0.bias - torch.Size([256]): 
The value is the same before and after calling `init_weights` of EncoderDecoder  

backbone.down3.down_conv.1.conv1_1.0.weight - torch.Size([512, 256, 1, 3]): 
The value is the same before and after calling `init_weights` of EncoderDecoder  

backbone.down3.down_conv.1.conv1_1.0.bias - torch.Size([512]): 
The value is the same before and after calling `init_weights` of EncoderDecoder  

backbone.down3.down_conv.1.conv1_1.1.weight - torch.Size([512]): 
The value is the same before and after calling `init_weights` of EncoderDecoder  

backbone.down3.down_conv.1.conv1_1.1.bias - torch.Size([512]): 
The value is the same before and after calling `init_weights` of EncoderDecoder  

backbone.down3.down_conv.1.conv1_2.0.weight - torch.Size([512, 512, 3, 1]): 
The value is the same before and after calling `init_weights` of EncoderDecoder  

backbone.down3.down_conv.1.conv1_2.0.bias - torch.Size([512]): 
The value is the same before and after calling `init_weights` of EncoderDecoder  

backbone.down3.down_conv.1.conv1_2.1.weight - torch.Size([512]): 
The value is the same before and after calling `init_weights` of EncoderDecoder  

backbone.down3.down_conv.1.conv1_2.1.bias - torch.Size([512]): 
The value is the same before and after calling `init_weights` of EncoderDecoder  

backbone.down3.down_conv.1.conv2_1.0.weight - torch.Size([512, 256, 1, 3]): 
The value is the same before and after calling `init_weights` of EncoderDecoder  

backbone.down3.down_conv.1.conv2_1.0.bias - torch.Size([512]): 
The value is the same before and after calling `init_weights` of EncoderDecoder  

backbone.down3.down_conv.1.conv2_1.1.weight - torch.Size([512]): 
The value is the same before and after calling `init_weights` of EncoderDecoder  

backbone.down3.down_conv.1.conv2_1.1.bias - torch.Size([512]): 
The value is the same before and after calling `init_weights` of EncoderDecoder  

backbone.down3.down_conv.1.conv2_2.0.weight - torch.Size([512, 512, 3, 1]): 
The value is the same before and after calling `init_weights` of EncoderDecoder  

backbone.down3.down_conv.1.conv2_2.0.bias - torch.Size([512]): 
The value is the same before and after calling `init_weights` of EncoderDecoder  

backbone.down3.down_conv.1.conv2_2.1.weight - torch.Size([512]): 
The value is the same before and after calling `init_weights` of EncoderDecoder  

backbone.down3.down_conv.1.conv2_2.1.bias - torch.Size([512]): 
The value is the same before and after calling `init_weights` of EncoderDecoder  

backbone.down3.down_conv.1.conv3_1.0.weight - torch.Size([512, 256, 1, 3]): 
The value is the same before and after calling `init_weights` of EncoderDecoder  

backbone.down3.down_conv.1.conv3_1.0.bias - torch.Size([512]): 
The value is the same before and after calling `init_weights` of EncoderDecoder  

backbone.down3.down_conv.1.conv3_1.1.weight - torch.Size([512]): 
The value is the same before and after calling `init_weights` of EncoderDecoder  

backbone.down3.down_conv.1.conv3_1.1.bias - torch.Size([512]): 
The value is the same before and after calling `init_weights` of EncoderDecoder  

backbone.down3.down_conv.1.conv3_2.0.weight - torch.Size([512, 512, 3, 1]): 
The value is the same before and after calling `init_weights` of EncoderDecoder  

backbone.down3.down_conv.1.conv3_2.0.bias - torch.Size([512]): 
The value is the same before and after calling `init_weights` of EncoderDecoder  

backbone.down3.down_conv.1.conv3_2.1.weight - torch.Size([512]): 
The value is the same before and after calling `init_weights` of EncoderDecoder  

backbone.down3.down_conv.1.conv3_2.1.bias - torch.Size([512]): 
The value is the same before and after calling `init_weights` of EncoderDecoder  

backbone.down4.down_conv.0.weight - torch.Size([512, 512, 2, 2]): 
The value is the same before and after calling `init_weights` of EncoderDecoder  

backbone.down4.down_conv.0.bias - torch.Size([512]): 
The value is the same before and after calling `init_weights` of EncoderDecoder  

backbone.down4.down_conv.1.conv1_1.0.weight - torch.Size([512, 512, 1, 3]): 
The value is the same before and after calling `init_weights` of EncoderDecoder  

backbone.down4.down_conv.1.conv1_1.0.bias - torch.Size([512]): 
The value is the same before and after calling `init_weights` of EncoderDecoder  

backbone.down4.down_conv.1.conv1_1.1.weight - torch.Size([512]): 
The value is the same before and after calling `init_weights` of EncoderDecoder  

backbone.down4.down_conv.1.conv1_1.1.bias - torch.Size([512]): 
The value is the same before and after calling `init_weights` of EncoderDecoder  

backbone.down4.down_conv.1.conv1_2.0.weight - torch.Size([512, 512, 3, 1]): 
The value is the same before and after calling `init_weights` of EncoderDecoder  

backbone.down4.down_conv.1.conv1_2.0.bias - torch.Size([512]): 
The value is the same before and after calling `init_weights` of EncoderDecoder  

backbone.down4.down_conv.1.conv1_2.1.weight - torch.Size([512]): 
The value is the same before and after calling `init_weights` of EncoderDecoder  

backbone.down4.down_conv.1.conv1_2.1.bias - torch.Size([512]): 
The value is the same before and after calling `init_weights` of EncoderDecoder  

backbone.down4.down_conv.1.conv2_1.0.weight - torch.Size([512, 512, 1, 3]): 
The value is the same before and after calling `init_weights` of EncoderDecoder  

backbone.down4.down_conv.1.conv2_1.0.bias - torch.Size([512]): 
The value is the same before and after calling `init_weights` of EncoderDecoder  

backbone.down4.down_conv.1.conv2_1.1.weight - torch.Size([512]): 
The value is the same before and after calling `init_weights` of EncoderDecoder  

backbone.down4.down_conv.1.conv2_1.1.bias - torch.Size([512]): 
The value is the same before and after calling `init_weights` of EncoderDecoder  

backbone.down4.down_conv.1.conv2_2.0.weight - torch.Size([512, 512, 3, 1]): 
The value is the same before and after calling `init_weights` of EncoderDecoder  

backbone.down4.down_conv.1.conv2_2.0.bias - torch.Size([512]): 
The value is the same before and after calling `init_weights` of EncoderDecoder  

backbone.down4.down_conv.1.conv2_2.1.weight - torch.Size([512]): 
The value is the same before and after calling `init_weights` of EncoderDecoder  

backbone.down4.down_conv.1.conv2_2.1.bias - torch.Size([512]): 
The value is the same before and after calling `init_weights` of EncoderDecoder  

backbone.down4.down_conv.1.conv3_1.0.weight - torch.Size([512, 512, 1, 3]): 
The value is the same before and after calling `init_weights` of EncoderDecoder  

backbone.down4.down_conv.1.conv3_1.0.bias - torch.Size([512]): 
The value is the same before and after calling `init_weights` of EncoderDecoder  

backbone.down4.down_conv.1.conv3_1.1.weight - torch.Size([512]): 
The value is the same before and after calling `init_weights` of EncoderDecoder  

backbone.down4.down_conv.1.conv3_1.1.bias - torch.Size([512]): 
The value is the same before and after calling `init_weights` of EncoderDecoder  

backbone.down4.down_conv.1.conv3_2.0.weight - torch.Size([512, 512, 3, 1]): 
The value is the same before and after calling `init_weights` of EncoderDecoder  

backbone.down4.down_conv.1.conv3_2.0.bias - torch.Size([512]): 
The value is the same before and after calling `init_weights` of EncoderDecoder  

backbone.down4.down_conv.1.conv3_2.1.weight - torch.Size([512]): 
The value is the same before and after calling `init_weights` of EncoderDecoder  

backbone.down4.down_conv.1.conv3_2.1.bias - torch.Size([512]): 
The value is the same before and after calling `init_weights` of EncoderDecoder  

decode_head.conv_seg.weight - torch.Size([4, 64, 1, 1]): 
NormalInit: mean=0, std=0.01, bias=0 

decode_head.conv_seg.bias - torch.Size([4]): 
NormalInit: mean=0, std=0.01, bias=0 

decode_head.up1.up.weight - torch.Size([512, 512, 2, 2]): 
The value is the same before and after calling `init_weights` of EncoderDecoder  

decode_head.up1.up.bias - torch.Size([512]): 
The value is the same before and after calling `init_weights` of EncoderDecoder  

decode_head.up1.coord.conv1.weight - torch.Size([256, 1024, 1, 1]): 
The value is the same before and after calling `init_weights` of EncoderDecoder  

decode_head.up1.coord.conv1.bias - torch.Size([256]): 
The value is the same before and after calling `init_weights` of EncoderDecoder  

decode_head.up1.coord.bn1.weight - torch.Size([256]): 
The value is the same before and after calling `init_weights` of EncoderDecoder  

decode_head.up1.coord.bn1.bias - torch.Size([256]): 
The value is the same before and after calling `init_weights` of EncoderDecoder  

decode_head.up1.coord.conv_h.weight - torch.Size([1024, 256, 1, 1]): 
The value is the same before and after calling `init_weights` of EncoderDecoder  

decode_head.up1.coord.conv_h.bias - torch.Size([1024]): 
The value is the same before and after calling `init_weights` of EncoderDecoder  

decode_head.up1.coord.conv_w.weight - torch.Size([1024, 256, 1, 1]): 
The value is the same before and after calling `init_weights` of EncoderDecoder  

decode_head.up1.coord.conv_w.bias - torch.Size([1024]): 
The value is the same before and after calling `init_weights` of EncoderDecoder  

decode_head.up1.conv.conv.0.weight - torch.Size([256, 1024, 3, 3]): 
The value is the same before and after calling `init_weights` of EncoderDecoder  

decode_head.up1.conv.conv.0.bias - torch.Size([256]): 
The value is the same before and after calling `init_weights` of EncoderDecoder  

decode_head.up1.conv.conv.1.weight - torch.Size([256]): 
The value is the same before and after calling `init_weights` of EncoderDecoder  

decode_head.up1.conv.conv.1.bias - torch.Size([256]): 
The value is the same before and after calling `init_weights` of EncoderDecoder  

decode_head.up1.conv.conv.3.weight - torch.Size([256, 256, 3, 3]): 
The value is the same before and after calling `init_weights` of EncoderDecoder  

decode_head.up1.conv.conv.3.bias - torch.Size([256]): 
The value is the same before and after calling `init_weights` of EncoderDecoder  

decode_head.up1.conv.conv.4.weight - torch.Size([256]): 
The value is the same before and after calling `init_weights` of EncoderDecoder  

decode_head.up1.conv.conv.4.bias - torch.Size([256]): 
The value is the same before and after calling `init_weights` of EncoderDecoder  

decode_head.up2.up.weight - torch.Size([256, 256, 2, 2]): 
The value is the same before and after calling `init_weights` of EncoderDecoder  

decode_head.up2.up.bias - torch.Size([256]): 
The value is the same before and after calling `init_weights` of EncoderDecoder  

decode_head.up2.coord.conv1.weight - torch.Size([128, 512, 1, 1]): 
The value is the same before and after calling `init_weights` of EncoderDecoder  

decode_head.up2.coord.conv1.bias - torch.Size([128]): 
The value is the same before and after calling `init_weights` of EncoderDecoder  

decode_head.up2.coord.bn1.weight - torch.Size([128]): 
The value is the same before and after calling `init_weights` of EncoderDecoder  

decode_head.up2.coord.bn1.bias - torch.Size([128]): 
The value is the same before and after calling `init_weights` of EncoderDecoder  

decode_head.up2.coord.conv_h.weight - torch.Size([512, 128, 1, 1]): 
The value is the same before and after calling `init_weights` of EncoderDecoder  

decode_head.up2.coord.conv_h.bias - torch.Size([512]): 
The value is the same before and after calling `init_weights` of EncoderDecoder  

decode_head.up2.coord.conv_w.weight - torch.Size([512, 128, 1, 1]): 
The value is the same before and after calling `init_weights` of EncoderDecoder  

decode_head.up2.coord.conv_w.bias - torch.Size([512]): 
The value is the same before and after calling `init_weights` of EncoderDecoder  

decode_head.up2.conv.conv.0.weight - torch.Size([128, 512, 3, 3]): 
The value is the same before and after calling `init_weights` of EncoderDecoder  

decode_head.up2.conv.conv.0.bias - torch.Size([128]): 
The value is the same before and after calling `init_weights` of EncoderDecoder  

decode_head.up2.conv.conv.1.weight - torch.Size([128]): 
The value is the same before and after calling `init_weights` of EncoderDecoder  

decode_head.up2.conv.conv.1.bias - torch.Size([128]): 
The value is the same before and after calling `init_weights` of EncoderDecoder  

decode_head.up2.conv.conv.3.weight - torch.Size([128, 128, 3, 3]): 
The value is the same before and after calling `init_weights` of EncoderDecoder  

decode_head.up2.conv.conv.3.bias - torch.Size([128]): 
The value is the same before and after calling `init_weights` of EncoderDecoder  

decode_head.up2.conv.conv.4.weight - torch.Size([128]): 
The value is the same before and after calling `init_weights` of EncoderDecoder  

decode_head.up2.conv.conv.4.bias - torch.Size([128]): 
The value is the same before and after calling `init_weights` of EncoderDecoder  

decode_head.up3.up.weight - torch.Size([128, 128, 2, 2]): 
The value is the same before and after calling `init_weights` of EncoderDecoder  

decode_head.up3.up.bias - torch.Size([128]): 
The value is the same before and after calling `init_weights` of EncoderDecoder  

decode_head.up3.coord.conv1.weight - torch.Size([64, 256, 1, 1]): 
The value is the same before and after calling `init_weights` of EncoderDecoder  

decode_head.up3.coord.conv1.bias - torch.Size([64]): 
The value is the same before and after calling `init_weights` of EncoderDecoder  

decode_head.up3.coord.bn1.weight - torch.Size([64]): 
The value is the same before and after calling `init_weights` of EncoderDecoder  

decode_head.up3.coord.bn1.bias - torch.Size([64]): 
The value is the same before and after calling `init_weights` of EncoderDecoder  

decode_head.up3.coord.conv_h.weight - torch.Size([256, 64, 1, 1]): 
The value is the same before and after calling `init_weights` of EncoderDecoder  

decode_head.up3.coord.conv_h.bias - torch.Size([256]): 
The value is the same before and after calling `init_weights` of EncoderDecoder  

decode_head.up3.coord.conv_w.weight - torch.Size([256, 64, 1, 1]): 
The value is the same before and after calling `init_weights` of EncoderDecoder  

decode_head.up3.coord.conv_w.bias - torch.Size([256]): 
The value is the same before and after calling `init_weights` of EncoderDecoder  

decode_head.up3.conv.conv.0.weight - torch.Size([64, 256, 3, 3]): 
The value is the same before and after calling `init_weights` of EncoderDecoder  

decode_head.up3.conv.conv.0.bias - torch.Size([64]): 
The value is the same before and after calling `init_weights` of EncoderDecoder  

decode_head.up3.conv.conv.1.weight - torch.Size([64]): 
The value is the same before and after calling `init_weights` of EncoderDecoder  

decode_head.up3.conv.conv.1.bias - torch.Size([64]): 
The value is the same before and after calling `init_weights` of EncoderDecoder  

decode_head.up3.conv.conv.3.weight - torch.Size([64, 64, 3, 3]): 
The value is the same before and after calling `init_weights` of EncoderDecoder  

decode_head.up3.conv.conv.3.bias - torch.Size([64]): 
The value is the same before and after calling `init_weights` of EncoderDecoder  

decode_head.up3.conv.conv.4.weight - torch.Size([64]): 
The value is the same before and after calling `init_weights` of EncoderDecoder  

decode_head.up3.conv.conv.4.bias - torch.Size([64]): 
The value is the same before and after calling `init_weights` of EncoderDecoder  

decode_head.up4.coord.conv1.weight - torch.Size([32, 128, 1, 1]): 
The value is the same before and after calling `init_weights` of EncoderDecoder  

decode_head.up4.coord.conv1.bias - torch.Size([32]): 
The value is the same before and after calling `init_weights` of EncoderDecoder  

decode_head.up4.coord.bn1.weight - torch.Size([32]): 
The value is the same before and after calling `init_weights` of EncoderDecoder  

decode_head.up4.coord.bn1.bias - torch.Size([32]): 
The value is the same before and after calling `init_weights` of EncoderDecoder  

decode_head.up4.coord.conv_h.weight - torch.Size([128, 32, 1, 1]): 
The value is the same before and after calling `init_weights` of EncoderDecoder  

decode_head.up4.coord.conv_h.bias - torch.Size([128]): 
The value is the same before and after calling `init_weights` of EncoderDecoder  

decode_head.up4.coord.conv_w.weight - torch.Size([128, 32, 1, 1]): 
The value is the same before and after calling `init_weights` of EncoderDecoder  

decode_head.up4.coord.conv_w.bias - torch.Size([128]): 
The value is the same before and after calling `init_weights` of EncoderDecoder  

decode_head.up4.conv.conv.0.weight - torch.Size([64, 128, 3, 3]): 
The value is the same before and after calling `init_weights` of EncoderDecoder  

decode_head.up4.conv.conv.0.bias - torch.Size([64]): 
The value is the same before and after calling `init_weights` of EncoderDecoder  

decode_head.up4.conv.conv.1.weight - torch.Size([64]): 
The value is the same before and after calling `init_weights` of EncoderDecoder  

decode_head.up4.conv.conv.1.bias - torch.Size([64]): 
The value is the same before and after calling `init_weights` of EncoderDecoder  

decode_head.up4.conv.conv.3.weight - torch.Size([64, 64, 3, 3]): 
The value is the same before and after calling `init_weights` of EncoderDecoder  

decode_head.up4.conv.conv.3.bias - torch.Size([64]): 
The value is the same before and after calling `init_weights` of EncoderDecoder  

decode_head.up4.conv.conv.4.weight - torch.Size([64]): 
The value is the same before and after calling `init_weights` of EncoderDecoder  

decode_head.up4.conv.conv.4.bias - torch.Size([64]): 
The value is the same before and after calling `init_weights` of EncoderDecoder  
2023-11-24 22:28:30,583 - mmseg - INFO - EncoderDecoder(
  (backbone): UnetBackbone(
    (inc): MACInConv(
      (conv): MAC(
        (conv1_1): Sequential(
          (0): Conv2d(3, 64, kernel_size=(1, 3), stride=(1, 1))
          (1): BatchNorm2d(64, eps=1e-05, momentum=0.1, affine=True, track_running_stats=True)
          (2): ReLU(inplace=True)
        )
        (conv1_2): Sequential(
          (0): Conv2d(64, 64, kernel_size=(3, 1), stride=(1, 1))
          (1): BatchNorm2d(64, eps=1e-05, momentum=0.1, affine=True, track_running_stats=True)
          (2): ReLU(inplace=True)
        )
        (conv2_1): Sequential(
          (0): Conv2d(3, 64, kernel_size=(1, 3), stride=(1, 1), padding=(1, 2), dilation=(1, 2))
          (1): BatchNorm2d(64, eps=1e-05, momentum=0.1, affine=True, track_running_stats=True)
          (2): ReLU(inplace=True)
        )
        (conv2_2): Sequential(
          (0): Conv2d(64, 64, kernel_size=(3, 1), stride=(1, 1), padding=(2, 1), dilation=(2, 1))
          (1): BatchNorm2d(64, eps=1e-05, momentum=0.1, affine=True, track_running_stats=True)
          (2): ReLU(inplace=True)
        )
        (conv3_1): Sequential(
          (0): Conv2d(3, 64, kernel_size=(1, 3), stride=(1, 1), padding=(1, 3), dilation=(1, 3))
          (1): BatchNorm2d(64, eps=1e-05, momentum=0.1, affine=True, track_running_stats=True)
          (2): ReLU(inplace=True)
        )
        (conv3_2): Sequential(
          (0): Conv2d(64, 64, kernel_size=(3, 1), stride=(1, 1), padding=(3, 1), dilation=(3, 1))
          (1): BatchNorm2d(64, eps=1e-05, momentum=0.1, affine=True, track_running_stats=True)
          (2): ReLU(inplace=True)
        )
      )
    )
    (down1): Conv_Down(
      (down_conv): Sequential(
        (0): Conv2d(64, 64, kernel_size=(2, 2), stride=(2, 2))
        (1): MAC(
          (conv1_1): Sequential(
            (0): Conv2d(64, 128, kernel_size=(1, 3), stride=(1, 1))
            (1): BatchNorm2d(128, eps=1e-05, momentum=0.1, affine=True, track_running_stats=True)
            (2): ReLU(inplace=True)
          )
          (conv1_2): Sequential(
            (0): Conv2d(128, 128, kernel_size=(3, 1), stride=(1, 1))
            (1): BatchNorm2d(128, eps=1e-05, momentum=0.1, affine=True, track_running_stats=True)
            (2): ReLU(inplace=True)
          )
          (conv2_1): Sequential(
            (0): Conv2d(64, 128, kernel_size=(1, 3), stride=(1, 1), padding=(1, 2), dilation=(1, 2))
            (1): BatchNorm2d(128, eps=1e-05, momentum=0.1, affine=True, track_running_stats=True)
            (2): ReLU(inplace=True)
          )
          (conv2_2): Sequential(
            (0): Conv2d(128, 128, kernel_size=(3, 1), stride=(1, 1), padding=(2, 1), dilation=(2, 1))
            (1): BatchNorm2d(128, eps=1e-05, momentum=0.1, affine=True, track_running_stats=True)
            (2): ReLU(inplace=True)
          )
          (conv3_1): Sequential(
            (0): Conv2d(64, 128, kernel_size=(1, 3), stride=(1, 1), padding=(1, 3), dilation=(1, 3))
            (1): BatchNorm2d(128, eps=1e-05, momentum=0.1, affine=True, track_running_stats=True)
            (2): ReLU(inplace=True)
          )
          (conv3_2): Sequential(
            (0): Conv2d(128, 128, kernel_size=(3, 1), stride=(1, 1), padding=(3, 1), dilation=(3, 1))
            (1): BatchNorm2d(128, eps=1e-05, momentum=0.1, affine=True, track_running_stats=True)
            (2): ReLU(inplace=True)
          )
        )
      )
    )
    (down2): Conv_Down(
      (down_conv): Sequential(
        (0): Conv2d(128, 128, kernel_size=(2, 2), stride=(2, 2))
        (1): MAC(
          (conv1_1): Sequential(
            (0): Conv2d(128, 256, kernel_size=(1, 3), stride=(1, 1))
            (1): BatchNorm2d(256, eps=1e-05, momentum=0.1, affine=True, track_running_stats=True)
            (2): ReLU(inplace=True)
          )
          (conv1_2): Sequential(
            (0): Conv2d(256, 256, kernel_size=(3, 1), stride=(1, 1))
            (1): BatchNorm2d(256, eps=1e-05, momentum=0.1, affine=True, track_running_stats=True)
            (2): ReLU(inplace=True)
          )
          (conv2_1): Sequential(
            (0): Conv2d(128, 256, kernel_size=(1, 3), stride=(1, 1), padding=(1, 2), dilation=(1, 2))
            (1): BatchNorm2d(256, eps=1e-05, momentum=0.1, affine=True, track_running_stats=True)
            (2): ReLU(inplace=True)
          )
          (conv2_2): Sequential(
            (0): Conv2d(256, 256, kernel_size=(3, 1), stride=(1, 1), padding=(2, 1), dilation=(2, 1))
            (1): BatchNorm2d(256, eps=1e-05, momentum=0.1, affine=True, track_running_stats=True)
            (2): ReLU(inplace=True)
          )
          (conv3_1): Sequential(
            (0): Conv2d(128, 256, kernel_size=(1, 3), stride=(1, 1), padding=(1, 3), dilation=(1, 3))
            (1): BatchNorm2d(256, eps=1e-05, momentum=0.1, affine=True, track_running_stats=True)
            (2): ReLU(inplace=True)
          )
          (conv3_2): Sequential(
            (0): Conv2d(256, 256, kernel_size=(3, 1), stride=(1, 1), padding=(3, 1), dilation=(3, 1))
            (1): BatchNorm2d(256, eps=1e-05, momentum=0.1, affine=True, track_running_stats=True)
            (2): ReLU(inplace=True)
          )
        )
      )
    )
    (down3): Conv_Down(
      (down_conv): Sequential(
        (0): Conv2d(256, 256, kernel_size=(2, 2), stride=(2, 2))
        (1): MAC(
          (conv1_1): Sequential(
            (0): Conv2d(256, 512, kernel_size=(1, 3), stride=(1, 1))
            (1): BatchNorm2d(512, eps=1e-05, momentum=0.1, affine=True, track_running_stats=True)
            (2): ReLU(inplace=True)
          )
          (conv1_2): Sequential(
            (0): Conv2d(512, 512, kernel_size=(3, 1), stride=(1, 1))
            (1): BatchNorm2d(512, eps=1e-05, momentum=0.1, affine=True, track_running_stats=True)
            (2): ReLU(inplace=True)
          )
          (conv2_1): Sequential(
            (0): Conv2d(256, 512, kernel_size=(1, 3), stride=(1, 1), padding=(1, 2), dilation=(1, 2))
            (1): BatchNorm2d(512, eps=1e-05, momentum=0.1, affine=True, track_running_stats=True)
            (2): ReLU(inplace=True)
          )
          (conv2_2): Sequential(
            (0): Conv2d(512, 512, kernel_size=(3, 1), stride=(1, 1), padding=(2, 1), dilation=(2, 1))
            (1): BatchNorm2d(512, eps=1e-05, momentum=0.1, affine=True, track_running_stats=True)
            (2): ReLU(inplace=True)
          )
          (conv3_1): Sequential(
            (0): Conv2d(256, 512, kernel_size=(1, 3), stride=(1, 1), padding=(1, 3), dilation=(1, 3))
            (1): BatchNorm2d(512, eps=1e-05, momentum=0.1, affine=True, track_running_stats=True)
            (2): ReLU(inplace=True)
          )
          (conv3_2): Sequential(
            (0): Conv2d(512, 512, kernel_size=(3, 1), stride=(1, 1), padding=(3, 1), dilation=(3, 1))
            (1): BatchNorm2d(512, eps=1e-05, momentum=0.1, affine=True, track_running_stats=True)
            (2): ReLU(inplace=True)
          )
        )
      )
    )
    (down4): Conv_Down(
      (down_conv): Sequential(
        (0): Conv2d(512, 512, kernel_size=(2, 2), stride=(2, 2))
        (1): MAC(
          (conv1_1): Sequential(
            (0): Conv2d(512, 512, kernel_size=(1, 3), stride=(1, 1))
            (1): BatchNorm2d(512, eps=1e-05, momentum=0.1, affine=True, track_running_stats=True)
            (2): ReLU(inplace=True)
          )
          (conv1_2): Sequential(
            (0): Conv2d(512, 512, kernel_size=(3, 1), stride=(1, 1))
            (1): BatchNorm2d(512, eps=1e-05, momentum=0.1, affine=True, track_running_stats=True)
            (2): ReLU(inplace=True)
          )
          (conv2_1): Sequential(
            (0): Conv2d(512, 512, kernel_size=(1, 3), stride=(1, 1), padding=(1, 2), dilation=(1, 2))
            (1): BatchNorm2d(512, eps=1e-05, momentum=0.1, affine=True, track_running_stats=True)
            (2): ReLU(inplace=True)
          )
          (conv2_2): Sequential(
            (0): Conv2d(512, 512, kernel_size=(3, 1), stride=(1, 1), padding=(2, 1), dilation=(2, 1))
            (1): BatchNorm2d(512, eps=1e-05, momentum=0.1, affine=True, track_running_stats=True)
            (2): ReLU(inplace=True)
          )
          (conv3_1): Sequential(
            (0): Conv2d(512, 512, kernel_size=(1, 3), stride=(1, 1), padding=(1, 3), dilation=(1, 3))
            (1): BatchNorm2d(512, eps=1e-05, momentum=0.1, affine=True, track_running_stats=True)
            (2): ReLU(inplace=True)
          )
          (conv3_2): Sequential(
            (0): Conv2d(512, 512, kernel_size=(3, 1), stride=(1, 1), padding=(3, 1), dilation=(3, 1))
            (1): BatchNorm2d(512, eps=1e-05, momentum=0.1, affine=True, track_running_stats=True)
            (2): ReLU(inplace=True)
          )
        )
      )
    )
  )
  (decode_head): UnetHead(
    input_transform=None, ignore_index=255, align_corners=False
    (loss_decode): ModuleList(
      (0): FocalLoss()
      (1): DiceLoss()
    )
    (conv_seg): Conv2d(64, 4, kernel_size=(1, 1), stride=(1, 1))
    (dropout): Dropout2d(p=0.1, inplace=False)
    (up1): Up(
      (up): ConvTranspose2d(512, 512, kernel_size=(2, 2), stride=(2, 2))
      (coord): CoordAtt(
        (pool_h): AdaptiveAvgPool2d(output_size=(None, 1))
        (pool_w): AdaptiveAvgPool2d(output_size=(1, None))
        (conv1): Conv2d(1024, 256, kernel_size=(1, 1), stride=(1, 1))
        (bn1): BatchNorm2d(256, eps=1e-05, momentum=0.1, affine=True, track_running_stats=True)
        (act): h_swish(
          (sigmoid): h_sigmoid(
            (relu): ReLU6(inplace=True)
          )
        )
        (conv_h): Conv2d(256, 1024, kernel_size=(1, 1), stride=(1, 1))
        (conv_w): Conv2d(256, 1024, kernel_size=(1, 1), stride=(1, 1))
      )
      (conv): DoubleConv(
        (conv): Sequential(
          (0): Conv2d(1024, 256, kernel_size=(3, 3), stride=(1, 1), padding=(1, 1))
          (1): BatchNorm2d(256, eps=1e-05, momentum=0.1, affine=True, track_running_stats=True)
          (2): ReLU(inplace=True)
          (3): Conv2d(256, 256, kernel_size=(3, 3), stride=(1, 1), padding=(1, 1))
          (4): BatchNorm2d(256, eps=1e-05, momentum=0.1, affine=True, track_running_stats=True)
          (5): ReLU(inplace=True)
        )
      )
    )
    (up2): Up(
      (up): ConvTranspose2d(256, 256, kernel_size=(2, 2), stride=(2, 2))
      (coord): CoordAtt(
        (pool_h): AdaptiveAvgPool2d(output_size=(None, 1))
        (pool_w): AdaptiveAvgPool2d(output_size=(1, None))
        (conv1): Conv2d(512, 128, kernel_size=(1, 1), stride=(1, 1))
        (bn1): BatchNorm2d(128, eps=1e-05, momentum=0.1, affine=True, track_running_stats=True)
        (act): h_swish(
          (sigmoid): h_sigmoid(
            (relu): ReLU6(inplace=True)
          )
        )
        (conv_h): Conv2d(128, 512, kernel_size=(1, 1), stride=(1, 1))
        (conv_w): Conv2d(128, 512, kernel_size=(1, 1), stride=(1, 1))
      )
      (conv): DoubleConv(
        (conv): Sequential(
          (0): Conv2d(512, 128, kernel_size=(3, 3), stride=(1, 1), padding=(1, 1))
          (1): BatchNorm2d(128, eps=1e-05, momentum=0.1, affine=True, track_running_stats=True)
          (2): ReLU(inplace=True)
          (3): Conv2d(128, 128, kernel_size=(3, 3), stride=(1, 1), padding=(1, 1))
          (4): BatchNorm2d(128, eps=1e-05, momentum=0.1, affine=True, track_running_stats=True)
          (5): ReLU(inplace=True)
        )
      )
    )
    (up3): Up(
      (up): ConvTranspose2d(128, 128, kernel_size=(2, 2), stride=(2, 2))
      (coord): CoordAtt(
        (pool_h): AdaptiveAvgPool2d(output_size=(None, 1))
        (pool_w): AdaptiveAvgPool2d(output_size=(1, None))
        (conv1): Conv2d(256, 64, kernel_size=(1, 1), stride=(1, 1))
        (bn1): BatchNorm2d(64, eps=1e-05, momentum=0.1, affine=True, track_running_stats=True)
        (act): h_swish(
          (sigmoid): h_sigmoid(
            (relu): ReLU6(inplace=True)
          )
        )
        (conv_h): Conv2d(64, 256, kernel_size=(1, 1), stride=(1, 1))
        (conv_w): Conv2d(64, 256, kernel_size=(1, 1), stride=(1, 1))
      )
      (conv): DoubleConv(
        (conv): Sequential(
          (0): Conv2d(256, 64, kernel_size=(3, 3), stride=(1, 1), padding=(1, 1))
          (1): BatchNorm2d(64, eps=1e-05, momentum=0.1, affine=True, track_running_stats=True)
          (2): ReLU(inplace=True)
          (3): Conv2d(64, 64, kernel_size=(3, 3), stride=(1, 1), padding=(1, 1))
          (4): BatchNorm2d(64, eps=1e-05, momentum=0.1, affine=True, track_running_stats=True)
          (5): ReLU(inplace=True)
        )
      )
    )
    (up4): Up(
      (up): Upsample(scale_factor=2.0, mode=bilinear)
      (coord): CoordAtt(
        (pool_h): AdaptiveAvgPool2d(output_size=(None, 1))
        (pool_w): AdaptiveAvgPool2d(output_size=(1, None))
        (conv1): Conv2d(128, 32, kernel_size=(1, 1), stride=(1, 1))
        (bn1): BatchNorm2d(32, eps=1e-05, momentum=0.1, affine=True, track_running_stats=True)
        (act): h_swish(
          (sigmoid): h_sigmoid(
            (relu): ReLU6(inplace=True)
          )
        )
        (conv_h): Conv2d(32, 128, kernel_size=(1, 1), stride=(1, 1))
        (conv_w): Conv2d(32, 128, kernel_size=(1, 1), stride=(1, 1))
      )
      (conv): DoubleConv(
        (conv): Sequential(
          (0): Conv2d(128, 64, kernel_size=(3, 3), stride=(1, 1), padding=(1, 1))
          (1): BatchNorm2d(64, eps=1e-05, momentum=0.1, affine=True, track_running_stats=True)
          (2): ReLU(inplace=True)
          (3): Conv2d(64, 64, kernel_size=(3, 3), stride=(1, 1), padding=(1, 1))
          (4): BatchNorm2d(64, eps=1e-05, momentum=0.1, affine=True, track_running_stats=True)
          (5): ReLU(inplace=True)
        )
      )
    )
  )
  init_cfg={'type': 'Normal', 'std': 0.01, 'override': {'name': 'conv_seg'}}
)
2023-11-24 22:28:30,594 - mmseg - INFO - Loaded 474 images
2023-11-24 22:28:37,152 - mmseg - INFO - Loaded 105 images
2023-11-24 22:28:37,152 - mmseg - INFO - Start running, host: featurize@featurize, work_dir: /home/featurize/work/test/work_dirs/unet_all
2023-11-24 22:28:37,152 - mmseg - INFO - Hooks will be executed in the following order:
before_run:
(VERY_HIGH   ) PolyLrUpdaterHook                  
(NORMAL      ) CheckpointHook                     
(LOW         ) EvalHook                           
(VERY_LOW    ) TensorboardLoggerHook              
(VERY_LOW    ) TextLoggerHook                     
 -------------------- 
before_train_epoch:
(VERY_HIGH   ) PolyLrUpdaterHook                  
(LOW         ) IterTimerHook                      
(LOW         ) EvalHook                           
(VERY_LOW    ) TensorboardLoggerHook              
(VERY_LOW    ) TextLoggerHook                     
 -------------------- 
before_train_iter:
(VERY_HIGH   ) PolyLrUpdaterHook                  
(LOW         ) IterTimerHook                      
(LOW         ) EvalHook                           
 -------------------- 
after_train_iter:
(ABOVE_NORMAL) OptimizerHook                      
(NORMAL      ) CheckpointHook                     
(LOW         ) IterTimerHook                      
(LOW         ) EvalHook                           
(VERY_LOW    ) TensorboardLoggerHook              
(VERY_LOW    ) TextLoggerHook                     
 -------------------- 
after_train_epoch:
(NORMAL      ) CheckpointHook                     
(LOW         ) EvalHook                           
(VERY_LOW    ) TensorboardLoggerHook              
(VERY_LOW    ) TextLoggerHook                     
 -------------------- 
before_val_epoch:
(LOW         ) IterTimerHook                      
(VERY_LOW    ) TensorboardLoggerHook              
(VERY_LOW    ) TextLoggerHook                     
 -------------------- 
before_val_iter:
(LOW         ) IterTimerHook                      
 -------------------- 
after_val_iter:
(LOW         ) IterTimerHook                      
 -------------------- 
after_val_epoch:
(VERY_LOW    ) TensorboardLoggerHook              
(VERY_LOW    ) TextLoggerHook                     
 -------------------- 
after_run:
(VERY_LOW    ) TensorboardLoggerHook              
(VERY_LOW    ) TextLoggerHook                     
 -------------------- 
2023-11-24 22:28:37,153 - mmseg - INFO - workflow: [('train', 1)], max: 10000 iters
2023-11-24 22:28:37,153 - mmseg - INFO - Checkpoints will be saved to /home/featurize/work/test/work_dirs/unet_all by HardDiskBackend.
